This is pdfTeX, Version 3.14159265-2.6-1.40.18 (TeX Live 2017) (preloaded format=pdflatex 2017.12.8)  25 APR 2018 14:41
entering extended mode
 \write18 enabled.
 file:line:error style messages enabled.
 %&-line parsing enabled.
**Report.tex
(./Report.tex
LaTeX2e <2017-04-15>
Babel <3.10> and hyphenation patterns for 84 language(s) loaded.
(/usr/local/texlive/2017/texmf-dist/tex/latex/base/article.cls
Document Class: article 2014/09/29 v1.4h Standard LaTeX document class
(/usr/local/texlive/2017/texmf-dist/tex/latex/base/size10.clo
File: size10.clo 2014/09/29 v1.4h Standard LaTeX file (size option)
)
\c@part=\count79
\c@section=\count80
\c@subsection=\count81
\c@subsubsection=\count82
\c@paragraph=\count83
\c@subparagraph=\count84
\c@figure=\count85
\c@table=\count86
\abovecaptionskip=\skip41
\belowcaptionskip=\skip42
\bibindent=\dimen102
)
(/usr/local/texlive/2017/texmf-dist/tex/latex/parskip/parskip.sty
Package: parskip 2001/04/09 non-zero parskip adjustments
)
(/usr/local/texlive/2017/texmf-dist/tex/latex/tools/enumerate.sty
Package: enumerate 2015/07/23 v3.00 enumerate extensions (DPC)
\@enLab=\toks14
)
(/usr/local/texlive/2017/texmf-dist/tex/latex/graphics/graphicx.sty
Package: graphicx 2014/10/28 v1.0g Enhanced LaTeX Graphics (DPC,SPQR)

(/usr/local/texlive/2017/texmf-dist/tex/latex/graphics/keyval.sty
Package: keyval 2014/10/28 v1.15 key=value parser (DPC)
\KV@toks@=\toks15
)
(/usr/local/texlive/2017/texmf-dist/tex/latex/graphics/graphics.sty
Package: graphics 2017/04/14 v1.1b Standard LaTeX Graphics (DPC,SPQR)

(/usr/local/texlive/2017/texmf-dist/tex/latex/graphics/trig.sty
Package: trig 2016/01/03 v1.10 sin cos tan (DPC)
)
(/usr/local/texlive/2017/texmf-dist/tex/latex/graphics-cfg/graphics.cfg
File: graphics.cfg 2016/06/04 v1.11 sample graphics configuration
)
Package graphics Info: Driver file: pdftex.def on input line 99.

(/usr/local/texlive/2017/texmf-dist/tex/latex/graphics-def/pdftex.def
File: pdftex.def 2017/01/12 v0.06k Graphics/color for pdfTeX

(/usr/local/texlive/2017/texmf-dist/tex/generic/oberdiek/infwarerr.sty
Package: infwarerr 2016/05/16 v1.4 Providing info/warning/error messages (HO)
)
(/usr/local/texlive/2017/texmf-dist/tex/generic/oberdiek/ltxcmds.sty
Package: ltxcmds 2016/05/16 v1.23 LaTeX kernel commands for general use (HO)
)
\Gread@gobject=\count87
))
\Gin@req@height=\dimen103
\Gin@req@width=\dimen104
)
(/usr/local/texlive/2017/texmf-dist/tex/latex/biblatex/biblatex.sty
Package: biblatex 2016/12/05 v3.7 programmable bibliographies (PK/JW/AB)

(/usr/local/texlive/2017/texmf-dist/tex/generic/oberdiek/pdftexcmds.sty
Package: pdftexcmds 2017/03/19 v0.25 Utility functions of pdfTeX for LuaTeX (HO
)

(/usr/local/texlive/2017/texmf-dist/tex/generic/oberdiek/ifluatex.sty
Package: ifluatex 2016/05/16 v1.4 Provides the ifluatex switch (HO)
Package ifluatex Info: LuaTeX not detected.
)
(/usr/local/texlive/2017/texmf-dist/tex/generic/oberdiek/ifpdf.sty
Package: ifpdf 2017/03/15 v3.2 Provides the ifpdf switch
)
Package pdftexcmds Info: LuaTeX not detected.
Package pdftexcmds Info: \pdf@primitive is available.
Package pdftexcmds Info: \pdf@ifprimitive is available.
Package pdftexcmds Info: \pdfdraftmode found.
)
(/usr/local/texlive/2017/texmf-dist/tex/latex/etoolbox/etoolbox.sty
Package: etoolbox 2017/01/02 v2.4 e-TeX tools for LaTeX (JAW)
\etb@tempcnta=\count88
)
(/usr/local/texlive/2017/texmf-dist/tex/latex/oberdiek/kvoptions.sty
Package: kvoptions 2016/05/16 v3.12 Key value format for package options (HO)

(/usr/local/texlive/2017/texmf-dist/tex/generic/oberdiek/kvsetkeys.sty
Package: kvsetkeys 2016/05/16 v1.17 Key value parser (HO)

(/usr/local/texlive/2017/texmf-dist/tex/generic/oberdiek/etexcmds.sty
Package: etexcmds 2016/05/16 v1.6 Avoid name clashes with e-TeX commands (HO)
Package etexcmds Info: Could not find \expanded.
(etexcmds)             That can mean that you are not using pdfTeX 1.50 or
(etexcmds)             that some package has redefined \expanded.
(etexcmds)             In the latter case, load this package earlier.
)))
(/usr/local/texlive/2017/texmf-dist/tex/latex/logreq/logreq.sty
Package: logreq 2010/08/04 v1.0 xml request logger
\lrq@indent=\count89

(/usr/local/texlive/2017/texmf-dist/tex/latex/logreq/logreq.def
File: logreq.def 2010/08/04 v1.0 logreq spec v1.0
))
(/usr/local/texlive/2017/texmf-dist/tex/latex/base/ifthen.sty
Package: ifthen 2014/09/29 v1.1c Standard LaTeX ifthen package (DPC)
)
(/usr/local/texlive/2017/texmf-dist/tex/latex/url/url.sty
\Urlmuskip=\muskip10
Package: url 2013/09/16  ver 3.4  Verb mode for urls, etc.
)
(/usr/local/texlive/2017/texmf-dist/tex/generic/xstring/xstring.sty
(/usr/local/texlive/2017/texmf-dist/tex/generic/xstring/xstring.tex
\@xs@message=\write3
\integerpart=\count90
\decimalpart=\count91
)
Package: xstring 2013/10/13  v1.7c  String manipulations (C Tellechea)
)
\c@tabx@nest=\count92
\c@listtotal=\count93
\c@listcount=\count94
\c@liststart=\count95
\c@liststop=\count96
\c@citecount=\count97
\c@citetotal=\count98
\c@multicitecount=\count99
\c@multicitetotal=\count100
\c@instcount=\count101
\c@maxnames=\count102
\c@minnames=\count103
\c@maxitems=\count104
\c@minitems=\count105
\c@citecounter=\count106
\c@savedcitecounter=\count107
\c@uniquelist=\count108
\c@uniquename=\count109
\c@refsection=\count110
\c@refsegment=\count111
\c@maxextratitle=\count112
\c@maxextratitleyear=\count113
\c@maxextrayear=\count114
\c@maxextraalpha=\count115
\c@abbrvpenalty=\count116
\c@highnamepenalty=\count117
\c@lownamepenalty=\count118
\c@maxparens=\count119
\c@parenlevel=\count120
\blx@tempcnta=\count121
\blx@tempcntb=\count122
\blx@tempcntc=\count123
\blx@maxsection=\count124
\blx@maxsegment@0=\count125
\blx@notetype=\count126
\blx@parenlevel@text=\count127
\blx@parenlevel@foot=\count128
\blx@sectionciteorder@0=\count129
\labelnumberwidth=\skip43
\labelalphawidth=\skip44
\biblabelsep=\skip45
\bibitemsep=\skip46
\bibnamesep=\skip47
\bibinitsep=\skip48
\bibparsep=\skip49
\bibhang=\skip50
\blx@bcfin=\read1
\blx@bcfout=\write4
\c@mincomprange=\count130
\c@maxcomprange=\count131
\c@mincompwidth=\count132
Package biblatex Info: Trying to load biblatex default data model...
Package biblatex Info: ... file 'blx-dm.def' found.

(/usr/local/texlive/2017/texmf-dist/tex/latex/biblatex/blx-dm.def)
Package biblatex Info: Trying to load biblatex custom data model...
Package biblatex Info: ... file 'biblatex-dm.cfg' not found.
\c@afterword=\count133
\c@savedafterword=\count134
\c@annotator=\count135
\c@savedannotator=\count136
\c@author=\count137
\c@savedauthor=\count138
\c@bookauthor=\count139
\c@savedbookauthor=\count140
\c@commentator=\count141
\c@savedcommentator=\count142
\c@editor=\count143
\c@savededitor=\count144
\c@editora=\count145
\c@savededitora=\count146
\c@editorb=\count147
\c@savededitorb=\count148
\c@editorc=\count149
\c@savededitorc=\count150
\c@foreword=\count151
\c@savedforeword=\count152
\c@holder=\count153
\c@savedholder=\count154
\c@introduction=\count155
\c@savedintroduction=\count156
\c@namea=\count157
\c@savednamea=\count158
\c@nameb=\count159
\c@savednameb=\count160
\c@namec=\count161
\c@savednamec=\count162
\c@translator=\count163
\c@savedtranslator=\count164
\c@shortauthor=\count165
\c@savedshortauthor=\count166
\c@shorteditor=\count167
\c@savedshorteditor=\count168
\c@labelname=\count169
\c@savedlabelname=\count170
\c@institution=\count171
\c@savedinstitution=\count172
\c@lista=\count173
\c@savedlista=\count174
\c@listb=\count175
\c@savedlistb=\count176
\c@listc=\count177
\c@savedlistc=\count178
\c@listd=\count179
\c@savedlistd=\count180
\c@liste=\count181
\c@savedliste=\count182
\c@listf=\count183
\c@savedlistf=\count184
\c@location=\count185
\c@savedlocation=\count186
\c@organization=\count187
\c@savedorganization=\count188
\c@origlocation=\count189
\c@savedoriglocation=\count190
\c@origpublisher=\count191
\c@savedorigpublisher=\count192
\c@publisher=\count193
\c@savedpublisher=\count194
\c@language=\count195
\c@savedlanguage=\count196
\c@pageref=\count197
\c@savedpageref=\count198
\shorthandwidth=\skip51
\shortjournalwidth=\skip52
\shortserieswidth=\skip53
\shorttitlewidth=\skip54
\shortauthorwidth=\skip55
\shorteditorwidth=\skip56
Package biblatex Info: Trying to load compatibility code...
Package biblatex Info: ... file 'blx-compat.def' found.

(/usr/local/texlive/2017/texmf-dist/tex/latex/biblatex/blx-compat.def
File: blx-compat.def 2016/12/05 v3.7 biblatex compatibility (PK/JW/AB)
)
Package biblatex Info: Trying to load generic definitions...
Package biblatex Info: ... file 'biblatex.def' found.

(/usr/local/texlive/2017/texmf-dist/tex/latex/biblatex/biblatex.def
File: biblatex.def 2016/12/05 v3.7 biblatex compatibility (PK/JW/AB)
\c@textcitecount=\count199
\c@textcitetotal=\count266
\c@textcitemaxnames=\count267
\c@biburlnumpenalty=\count268
\c@biburlucpenalty=\count269
\c@biburllcpenalty=\count270
\c@smartand=\count271
)
Package biblatex Info: Trying to load bibliography style 'numeric'...
Package biblatex Info: ... file 'numeric.bbx' found.

(/usr/local/texlive/2017/texmf-dist/tex/latex/biblatex/bbx/numeric.bbx
File: numeric.bbx 2016/12/05 v3.7 biblatex bibliography style (PK/JW/AB)
Package biblatex Info: Trying to load bibliography style 'standard'...
Package biblatex Info: ... file 'standard.bbx' found.

(/usr/local/texlive/2017/texmf-dist/tex/latex/biblatex/bbx/standard.bbx
File: standard.bbx 2016/12/05 v3.7 biblatex bibliography style (PK/JW/AB)
\c@bbx:relatedcount=\count272
\c@bbx:relatedtotal=\count273
))
Package biblatex Info: Trying to load citation style 'numeric'...
Package biblatex Info: ... file 'numeric.cbx' found.

(/usr/local/texlive/2017/texmf-dist/tex/latex/biblatex/cbx/numeric.cbx
File: numeric.cbx 2016/12/05 v3.7 biblatex citation style (PK/JW/AB)
Package biblatex Info: Redefining '\cite'.
Package biblatex Info: Redefining '\parencite'.
Package biblatex Info: Redefining '\footcite'.
Package biblatex Info: Redefining '\footcitetext'.
Package biblatex Info: Redefining '\smartcite'.
Package biblatex Info: Redefining '\supercite'.
Package biblatex Info: Redefining '\textcite'.
Package biblatex Info: Redefining '\textcites'.
Package biblatex Info: Redefining '\cites'.
Package biblatex Info: Redefining '\parencites'.
Package biblatex Info: Redefining '\smartcites'.
)
Package biblatex Info: Trying to load configuration file...
Package biblatex Info: ... file 'biblatex.cfg' found.

(/usr/local/texlive/2017/texmf-dist/tex/latex/biblatex/biblatex.cfg
File: biblatex.cfg 
))
(/usr/local/texlive/2017/texmf-dist/tex/latex/algorithms/algorithm.sty
Package: algorithm 2009/08/24 v0.1 Document Style `algorithm' - floating enviro
nment

(/usr/local/texlive/2017/texmf-dist/tex/latex/float/float.sty
Package: float 2001/11/08 v1.3d Float enhancements (AL)
\c@float@type=\count274
\float@exts=\toks16
\float@box=\box26
\@float@everytoks=\toks17
\@floatcapt=\box27
)
\@float@every@algorithm=\toks18
\c@algorithm=\count275
)
(/usr/local/texlive/2017/texmf-dist/tex/latex/algorithmicx/algpseudocode.sty
Package: algpseudocode 

(/usr/local/texlive/2017/texmf-dist/tex/latex/algorithmicx/algorithmicx.sty
Package: algorithmicx 2005/04/27 v1.2 Algorithmicx

Document Style algorithmicx 1.2 - a greatly improved `algorithmic' style
\c@ALG@line=\count276
\c@ALG@rem=\count277
\c@ALG@nested=\count278
\ALG@tlm=\skip57
\ALG@thistlm=\skip58
\c@ALG@Lnr=\count279
\c@ALG@blocknr=\count280
\c@ALG@storecount=\count281
\c@ALG@tmpcounter=\count282
\ALG@tmplength=\skip59
)
Document Style - pseudocode environments for use with the `algorithmicx' style
) (/usr/local/texlive/2017/texmf-dist/tex/latex/amsmath/amsmath.sty
Package: amsmath 2016/11/05 v2.16a AMS math features
\@mathmargin=\skip60

For additional information on amsmath, use the `?' option.
(/usr/local/texlive/2017/texmf-dist/tex/latex/amsmath/amstext.sty
Package: amstext 2000/06/29 v2.01 AMS text

(/usr/local/texlive/2017/texmf-dist/tex/latex/amsmath/amsgen.sty
File: amsgen.sty 1999/11/30 v2.0 generic functions
\@emptytoks=\toks19
\ex@=\dimen105
))
(/usr/local/texlive/2017/texmf-dist/tex/latex/amsmath/amsbsy.sty
Package: amsbsy 1999/11/29 v1.2d Bold Symbols
\pmbraise@=\dimen106
)
(/usr/local/texlive/2017/texmf-dist/tex/latex/amsmath/amsopn.sty
Package: amsopn 2016/03/08 v2.02 operator names
)
\inf@bad=\count283
LaTeX Info: Redefining \frac on input line 213.
\uproot@=\count284
\leftroot@=\count285
LaTeX Info: Redefining \overline on input line 375.
\classnum@=\count286
\DOTSCASE@=\count287
LaTeX Info: Redefining \ldots on input line 472.
LaTeX Info: Redefining \dots on input line 475.
LaTeX Info: Redefining \cdots on input line 596.
\Mathstrutbox@=\box28
\strutbox@=\box29
\big@size=\dimen107
LaTeX Font Info:    Redeclaring font encoding OML on input line 712.
LaTeX Font Info:    Redeclaring font encoding OMS on input line 713.
\macc@depth=\count288
\c@MaxMatrixCols=\count289
\dotsspace@=\muskip11
\c@parentequation=\count290
\dspbrk@lvl=\count291
\tag@help=\toks20
\row@=\count292
\column@=\count293
\maxfields@=\count294
\andhelp@=\toks21
\eqnshift@=\dimen108
\alignsep@=\dimen109
\tagshift@=\dimen110
\tagwidth@=\dimen111
\totwidth@=\dimen112
\lineht@=\dimen113
\@envbody=\toks22
\multlinegap=\skip61
\multlinetaggap=\skip62
\mathdisplay@stack=\toks23
LaTeX Info: Redefining \[ on input line 2817.
LaTeX Info: Redefining \] on input line 2818.
)
(/usr/local/texlive/2017/texmf-dist/tex/latex/minted/minted.sty
Package: minted 2016/10/31 v2.4.1 Yet another Pygments shim for LaTeX

(/usr/local/texlive/2017/texmf-dist/tex/latex/fvextra/fvextra.sty
Package: fvextra 2016/09/02 v1.2.1 fvextra - extensions and patches for fancyvr
b

(/usr/local/texlive/2017/texmf-dist/tex/latex/fancyvrb/fancyvrb.sty
Package: fancyvrb 2008/02/07

Style option: `fancyvrb' v2.7a, with DG/SPQR fixes, and firstline=lastline fix 
<2008/02/07> (tvz)
\FV@CodeLineNo=\count295
\FV@InFile=\read2
\FV@TabBox=\box30
\c@FancyVerbLine=\count296
\FV@StepNumber=\count297
\FV@OutFile=\write5
)
(/usr/local/texlive/2017/texmf-dist/tex/latex/upquote/upquote.sty
Package: upquote 2012/04/19 v1.3 upright-quote and grave-accent glyphs in verba
tim
)
(/usr/local/texlive/2017/texmf-dist/tex/latex/lineno/lineno.sty
Package: lineno 2005/11/02 line numbers on paragraphs v4.41
\linenopenalty=\count298
\output=\toks24
\linenoprevgraf=\count299
\linenumbersep=\dimen114
\linenumberwidth=\dimen115
\c@linenumber=\count300
\c@pagewiselinenumber=\count301
\c@LN@truepage=\count302
\c@internallinenumber=\count303
\c@internallinenumbers=\count304
\quotelinenumbersep=\dimen116
\bframerule=\dimen117
\bframesep=\dimen118
\bframebox=\box31
LaTeX Info: Redefining \\ on input line 3056.
)
\c@FV@TrueTabGroupLevel=\count305
\c@FV@TrueTabCounter=\count306
\FV@TabBox@Group=\box32
\FV@TmpLength=\skip63
\c@FV@HighlightLinesStart=\count307
\c@FV@HighlightLinesStop=\count308
\FV@BreakIndent=\dimen119
\FV@BreakSymbolSepLeft=\dimen120
\FV@BreakSymbolSepRight=\dimen121
\FV@BreakSymbolIndentLeft=\dimen122
\FV@BreakSymbolIndentRight=\dimen123
\c@FancyVerbLineBreakLast=\count309
\FV@LineBox=\box33
\FV@LineIndentBox=\box34
)
(/usr/local/texlive/2017/texmf-dist/tex/latex/tools/calc.sty
Package: calc 2014/10/28 v4.3 Infix arithmetic (KKT,FJ)
\calc@Acount=\count310
\calc@Bcount=\count311
\calc@Adimen=\dimen124
\calc@Bdimen=\dimen125
\calc@Askip=\skip64
\calc@Bskip=\skip65
LaTeX Info: Redefining \setlength on input line 80.
LaTeX Info: Redefining \addtolength on input line 81.
\calc@Ccount=\count312
\calc@Cskip=\skip66
)
(/usr/local/texlive/2017/texmf-dist/tex/latex/tools/shellesc.sty
Package: shellesc 2016/06/07 v0.02a unified shell escape interface for LaTeX
Package shellesc Info: Unrestricted shell escape enabled on input line 67.
)
(/usr/local/texlive/2017/texmf-dist/tex/latex/ifplatform/ifplatform.sty
Package: ifplatform 2010/10/22 v0.4 Testing for the operating system

(/usr/local/texlive/2017/texmf-dist/tex/generic/oberdiek/catchfile.sty
Package: catchfile 2016/05/16 v1.7 Catch the contents of a file (HO)
)
runsystem(uname -s > "Report.w18")...executed.


(./Report.w18)
runsystem(rm -- "Report.w18")...executed.

) (/usr/local/texlive/2017/texmf-dist/tex/latex/framed/framed.sty
Package: framed 2011/10/22 v 0.96: framed or shaded text with page breaks
\OuterFrameSep=\skip67
\fb@frw=\dimen126
\fb@frh=\dimen127
\FrameRule=\dimen128
\FrameSep=\dimen129
)
\minted@appexistsfile=\read3
\minted@bgbox=\box35
\minted@code=\write6
\c@minted@FancyVerbLineTemp=\count313
\c@minted@pygmentizecounter=\count314
\@float@every@listing=\toks25
\c@listing=\count315
)
runsystem(mkdir -p _minted-Report)...executed.

Package biblatex Info: Trying to load language 'english'...
Package biblatex Info: ... file 'english.lbx' found.
 (/usr/local/texlive/2017/texmf-dist/tex/latex/biblatex/lbx/english.lbx
File: english.lbx 2016/12/05 v3.7 biblatex localization (PK/JW/AB)
)
\@quotelevel=\count316
\@quotereset=\count317

(/usr/local/texlive/2017/texmf-dist/tex/latex/xcolor/xcolor.sty
Package: xcolor 2016/05/11 v2.12 LaTeX color extensions (UK)

(/usr/local/texlive/2017/texmf-dist/tex/latex/graphics-cfg/color.cfg
File: color.cfg 2016/01/02 v1.6 sample color configuration
)
Package xcolor Info: Driver file: pdftex.def on input line 225.
Package xcolor Info: Model `cmy' substituted by `cmy0' on input line 1348.
Package xcolor Info: Model `hsb' substituted by `rgb' on input line 1352.
Package xcolor Info: Model `RGB' extended on input line 1364.
Package xcolor Info: Model `HTML' substituted by `rgb' on input line 1366.
Package xcolor Info: Model `Hsb' substituted by `hsb' on input line 1367.
Package xcolor Info: Model `tHsb' substituted by `hsb' on input line 1368.
Package xcolor Info: Model `HSB' substituted by `hsb' on input line 1369.
Package xcolor Info: Model `Gray' substituted by `gray' on input line 1370.
Package xcolor Info: Model `wave' substituted by `hsb' on input line 1371.
)
runsystem(which pygmentize && touch Report.aex)...executed.

runsystem(rm Report.aex)...executed.


(./Report.aux

LaTeX Warning: Label `fig:sensor' multiply defined.


LaTeX Warning: Label `fig:inefficient' multiply defined.


LaTeX Warning: Label `fig:boat1' multiply defined.


LaTeX Warning: Label `fig:boat1' multiply defined.


LaTeX Warning: Label `fig:boat1' multiply defined.


LaTeX Warning: Label `fig:boat1' multiply defined.


LaTeX Warning: Label `fig:boat1' multiply defined.


LaTeX Warning: Label `fig:boat1' multiply defined.


LaTeX Warning: Label `fig:boat1' multiply defined.


LaTeX Warning: Label `fig:boat1' multiply defined.


LaTeX Warning: Label `fig:dijk' multiply defined.


LaTeX Warning: Label `fig:dijk' multiply defined.


LaTeX Warning: Label `fig:lio' multiply defined.


LaTeX Warning: Label `fig:glio' multiply defined.


LaTeX Warning: Label `fig:dijk' multiply defined.


LaTeX Warning: Label `fig:dijk' multiply defined.


LaTeX Warning: Label `fig:dijk' multiply defined.


LaTeX Warning: Label `fig:dijk' multiply defined.


LaTeX Warning: Label `fig:dijk' multiply defined.


LaTeX Warning: Label `fig:dijk' multiply defined.


LaTeX Warning: Label `fig:dijk' multiply defined.


LaTeX Warning: Label `fig:dijk' multiply defined.


LaTeX Warning: Label `fig:dijk' multiply defined.


LaTeX Warning: Label `fig:dijk' multiply defined.


LaTeX Warning: Label `fig:dijk' multiply defined.


LaTeX Warning: Label `fig:dijk' multiply defined.


LaTeX Warning: Label `fig:dijk' multiply defined.


LaTeX Warning: Label `fig:dijk' multiply defined.


LaTeX Warning: Label `fig:dijk' multiply defined.


LaTeX Warning: Label `fig:dijk' multiply defined.


LaTeX Warning: Label `fig:dijk' multiply defined.


LaTeX Warning: Label `fig:dijk' multiply defined.


LaTeX Warning: Label `fig:euc' multiply defined.


LaTeX Warning: Label `fig:manhat' multiply defined.


LaTeX Warning: Label `fig:dijk' multiply defined.


LaTeX Warning: Label `fig:dijk' multiply defined.


LaTeX Warning: Label `fig:dijk' multiply defined.


LaTeX Warning: Label `fig:dijk' multiply defined.


LaTeX Warning: Label `fig:dijk' multiply defined.


LaTeX Warning: Label `fig:dijk' multiply defined.


LaTeX Warning: Label `fig:dijk' multiply defined.


LaTeX Warning: Label `fig:dijk' multiply defined.


LaTeX Warning: Label `fig:dijk' multiply defined.


LaTeX Warning: Label `fig:dijk' multiply defined.


LaTeX Warning: Label `fig:dijk' multiply defined.


LaTeX Warning: Label `fig:dijk' multiply defined.


LaTeX Warning: Label `fig:dijk' multiply defined.


LaTeX Warning: Label `fig:dijk' multiply defined.


LaTeX Warning: Label `fig:dijk' multiply defined.


LaTeX Warning: Label `fig:dijk' multiply defined.


LaTeX Warning: Label `fig:dijk' multiply defined.


LaTeX Warning: Label `fig:dijk' multiply defined.


LaTeX Warning: Label `fig:dijk' multiply defined.


LaTeX Warning: Label `fig:dijk' multiply defined.


LaTeX Warning: Label `fig:dijk' multiply defined.


LaTeX Warning: Label `fig:dijk' multiply defined.


LaTeX Warning: Label `fig:dijk' multiply defined.


LaTeX Warning: Label `fig:dijk' multiply defined.


LaTeX Warning: Label `fig:dijk' multiply defined.


LaTeX Warning: Label `fig:dijk' multiply defined.


LaTeX Warning: Label `fig:dijk' multiply defined.


LaTeX Warning: Label `fig:dijk' multiply defined.


LaTeX Warning: Label `fig:dijk' multiply defined.


LaTeX Warning: Label `fig:dijk' multiply defined.


LaTeX Warning: Label `fig:dijk' multiply defined.


LaTeX Warning: Label `fig:dijk' multiply defined.


LaTeX Warning: Label `fig:dijk' multiply defined.


LaTeX Warning: Label `fig:dijk' multiply defined.


LaTeX Warning: Label `fig:dijk' multiply defined.


LaTeX Warning: Label `fig:dijk' multiply defined.


LaTeX Warning: Label `fig:dijk' multiply defined.


LaTeX Warning: Label `fig:dijk' multiply defined.


LaTeX Warning: Label `fig:dijk' multiply defined.


LaTeX Warning: Label `fig:dijk' multiply defined.


LaTeX Warning: Label `fig:dijk' multiply defined.


LaTeX Warning: Label `fig:dijk' multiply defined.


LaTeX Warning: Label `fig:dijk' multiply defined.


LaTeX Warning: Label `fig:dijk' multiply defined.


LaTeX Warning: Label `fig:dijk' multiply defined.


LaTeX Warning: Label `fig:dijk' multiply defined.


LaTeX Warning: Label `fig:dijk' multiply defined.


LaTeX Warning: Label `fig:dijk' multiply defined.


LaTeX Warning: Label `fig:dijk' multiply defined.


LaTeX Warning: Label `fig:dijk' multiply defined.


LaTeX Warning: Label `fig:dijk' multiply defined.


LaTeX Warning: Label `fig:dijk' multiply defined.


LaTeX Warning: Label `fig:dijk' multiply defined.


LaTeX Warning: Label `fig:dijk' multiply defined.


LaTeX Warning: Label `fig:dijk' multiply defined.


LaTeX Warning: Label `fig:dijk' multiply defined.


LaTeX Warning: Label `fig:dijk' multiply defined.


LaTeX Warning: Label `fig:dijk' multiply defined.


LaTeX Warning: Label `fig:dijk' multiply defined.


LaTeX Warning: Label `fig:dijk' multiply defined.


LaTeX Warning: Label `fig:dijk' multiply defined.


LaTeX Warning: Label `fig:dijk' multiply defined.


LaTeX Warning: Label `fig:dijk' multiply defined.


LaTeX Warning: Label `fig:dijk' multiply defined.


LaTeX Warning: Label `fig:dijk' multiply defined.


LaTeX Warning: Label `fig:dijk' multiply defined.


LaTeX Warning: Label `fig:dijk' multiply defined.


LaTeX Warning: Label `fig:dijk' multiply defined.


LaTeX Warning: Label `fig:dijk' multiply defined.


LaTeX Warning: Label `fig:dijk' multiply defined.


LaTeX Warning: Label `fig:dijk' multiply defined.


LaTeX Warning: Label `fig:dijk' multiply defined.


LaTeX Warning: Label `fig:dijk' multiply defined.


LaTeX Warning: Label `fig:dijk' multiply defined.

)
\openout1 = `Report.aux'.

LaTeX Font Info:    Checking defaults for OML/cmm/m/it on input line 21.
LaTeX Font Info:    ... okay on input line 21.
LaTeX Font Info:    Checking defaults for T1/cmr/m/n on input line 21.
LaTeX Font Info:    ... okay on input line 21.
LaTeX Font Info:    Checking defaults for OT1/cmr/m/n on input line 21.
LaTeX Font Info:    ... okay on input line 21.
LaTeX Font Info:    Checking defaults for OMS/cmsy/m/n on input line 21.
LaTeX Font Info:    ... okay on input line 21.
LaTeX Font Info:    Checking defaults for OMX/cmex/m/n on input line 21.
LaTeX Font Info:    ... okay on input line 21.
LaTeX Font Info:    Checking defaults for U/cmr/m/n on input line 21.
LaTeX Font Info:    ... okay on input line 21.
 (/usr/local/texlive/2017/texmf-dist/tex/context/base/mkii/supp-pdf.mkii
[Loading MPS to PDF converter (version 2006.09.02).]
\scratchcounter=\count318
\scratchdimen=\dimen130
\scratchbox=\box36
\nofMPsegments=\count319
\nofMParguments=\count320
\everyMPshowfont=\toks26
\MPscratchCnt=\count321
\MPscratchDim=\dimen131
\MPnumerator=\count322
\makeMPintoPDFobject=\count323
\everyMPtoPDFconversion=\toks27
) (/usr/local/texlive/2017/texmf-dist/tex/latex/oberdiek/epstopdf-base.sty
Package: epstopdf-base 2016/05/15 v2.6 Base part for package epstopdf

(/usr/local/texlive/2017/texmf-dist/tex/latex/oberdiek/grfext.sty
Package: grfext 2016/05/16 v1.2 Manage graphics extensions (HO)

(/usr/local/texlive/2017/texmf-dist/tex/generic/oberdiek/kvdefinekeys.sty
Package: kvdefinekeys 2016/05/16 v1.4 Define keys (HO)
))
Package epstopdf-base Info: Redefining graphics rule for `.eps' on input line 4
38.
Package grfext Info: Graphics extension search list:
(grfext)             [.png,.pdf,.jpg,.mps,.jpeg,.jbig2,.jb2,.PNG,.PDF,.JPG,.JPE
G,.JBIG2,.JB2,.eps]
(grfext)             \AppendGraphicsExtensions on input line 456.

(/usr/local/texlive/2017/texmf-dist/tex/latex/latexconfig/epstopdf-sys.cfg
File: epstopdf-sys.cfg 2010/07/13 v1.3 Configuration of (r)epstopdf for TeX Liv
e
))
Package biblatex Info: No input encoding detected.
(biblatex)             Assuming 'ascii'.
Package biblatex Info: Automatic encoding selection.
(biblatex)             Assuming data encoding 'ascii'.
\openout4 = `Report.bcf'.

Package biblatex Info: Trying to load bibliographic data...
Package biblatex Info: ... file 'Report.bbl' found.

(./Report.bbl)
Package biblatex Info: Reference section=0 on input line 21.
Package biblatex Info: Reference segment=0 on input line 21.
 [1

{/usr/local/texlive/2017/texmf-var/fonts/map/pdftex/updmap/pdftex.map}] (./Repo
rt.toc [1] [2] [3] [4])
\tf@toc=\write7
\openout7 = `Report.toc'.

 [5]
Underfull \hbox (badness 10000) in paragraph at lines 32--37

 []


Underfull \hbox (badness 10000) in paragraph at lines 32--37

 []

[6] [7]
Underfull \hbox (badness 10000) in paragraph at lines 55--100

 []


Underfull \hbox (badness 10000) in paragraph at lines 55--100

 []


Underfull \hbox (badness 10000) in paragraph at lines 55--100

 []


Underfull \hbox (badness 10000) in paragraph at lines 55--100

 []


Underfull \hbox (badness 10000) in paragraph at lines 55--100

 []


Underfull \hbox (badness 10000) in paragraph at lines 55--100

 []


Underfull \hbox (badness 10000) in paragraph at lines 55--100

 []


Underfull \hbox (badness 10000) in paragraph at lines 55--100

 []


Underfull \hbox (badness 10000) in paragraph at lines 55--100

 []


Underfull \hbox (badness 10000) in paragraph at lines 55--100

 []


Underfull \hbox (badness 10000) in paragraph at lines 55--100

 []

[8] [9] <bridges.png, id=40, 178.266pt x 85.7604pt>
File: bridges.png Graphic file (type png)
 <use bridges.png>
Package pdftex.def Info: bridges.png used on input line 125.
(pdftex.def)             Requested size: 227.62204pt x 109.51381pt.

Underfull \hbox (badness 10000) in paragraph at lines 122--131

 []


LaTeX Warning: `h' float specifier changed to `ht'.

[10]
LaTeX Font Info:    Try loading font information for OMS+cmr on input line 145.

 (/usr/local/texlive/2017/texmf-dist/tex/latex/base/omscmr.fd
File: omscmr.fd 2014/09/29 v2.5h Standard LaTeX font definitions
)
LaTeX Font Info:    Font shape `OMS/cmr/m/it' in size <10> not available
(Font)              Font shape `OMS/cmsy/m/n' tried instead on input line 145.

Underfull \hbox (badness 10000) in paragraph at lines 145--148

 []

[11 <./bridges.png>]
Underfull \hbox (badness 10000) in paragraph at lines 150--155

 []


Underfull \hbox (badness 10000) in paragraph at lines 150--155

 []

<Simple.png, id=49, 174.6525pt x 162.6075pt>
File: Simple.png Graphic file (type png)
 <use Simple.png>
Package pdftex.def Info: Simple.png used on input line 158.
(pdftex.def)             Requested size: 110.40253pt x 102.79062pt.

<Weight.png, id=51, 175.65625pt x 183.68625pt>
File: Weight.png Graphic file (type png)
 <use Weight.png>
Package pdftex.def Info: Weight.png used on input line 162.
(pdftex.def)             Requested size: 110.40253pt x 115.45386pt.

<Direct.png, id=52, 164.615pt x 177.66376pt>
File: Direct.png Graphic file (type png)
 <use Direct.png>
Package pdftex.def Info: Direct.png used on input line 166.
(pdftex.def)             Requested size: 110.40253pt x 119.15608pt.
 [12 <./Simple.png> <./Weight.png> <./Direct.png>]
<Dijkstra.png, id=62, 552.1428pt x 391.2216pt>
File: Dijkstra.png Graphic file (type png)
 <use Dijkstra.png>
Package pdftex.def Info: Dijkstra.png used on input line 183.
(pdftex.def)             Requested size: 341.43306pt x 241.92807pt.

Underfull \hbox (badness 10000) in paragraph at lines 176--186

 []


Underfull \hbox (badness 10000) in paragraph at lines 176--186

 []

[13]
Overfull \hbox (21.75206pt too wide) in paragraph at lines 188--189
[]\OT1/cmr/m/n/10 The weighted graph $\OML/cmm/m/it/10 G \OT1/cmr/m/n/10 = (\OM
L/cmm/m/it/10 V; E\OT1/cmr/m/n/10 )$ with $\OML/cmm/m/it/10 V \OT1/cmr/m/n/10 =
 \OMS/cmsy/m/n/10 f\OML/cmm/m/it/10 a; b; c; d; e\OMS/cmsy/m/n/10 g$ \OT1/cmr/m
/n/10 and \OT1/cmr/m/it/10 E = \OMS/cmsy/m/n/10 f\OT1/cmr/m/it/10 ab,ad,bc,cd,d
e\OMS/cmsy/m/n/10 g
 []

[14 <./Dijkstra.png>] <bfs.png, id=70, 555.9972pt x 388.0899pt>
File: bfs.png Graphic file (type png)
 <use bfs.png>
Package pdftex.def Info: bfs.png used on input line 204.
(pdftex.def)             Requested size: 341.43306pt x 238.33336pt.

Underfull \hbox (badness 10000) in paragraph at lines 197--207

 []


Underfull \hbox (badness 10000) in paragraph at lines 197--207

 []

[15] <Astar.png, id=77, 555.9972pt x 388.0899pt>
File: Astar.png Graphic file (type png)
 <use Astar.png>
Package pdftex.def Info: Astar.png used on input line 222.
(pdftex.def)             Requested size: 341.43306pt x 238.33336pt.

Underfull \hbox (badness 10000) in paragraph at lines 217--225

 []

[16 <./bfs.png>] [17 <./Astar.png>]
Underfull \hbox (badness 10000) in paragraph at lines 234--237

 []

[18] <Sensors.PNG, id=90, 363.60844pt x 195.73125pt>
File: Sensors.PNG Graphic file (type png)
 <use Sensors.PNG>
Package pdftex.def Info: Sensors.PNG used on input line 248.
(pdftex.def)             Requested size: 172.5pt x 92.8598pt.

<Inefficient.png, id=91, 494.84875pt x 371.3875pt>
File: Inefficient.png Graphic file (type png)
 <use Inefficient.png>
Package pdftex.def Info: Inefficient.png used on input line 252.
(pdftex.def)             Requested size: 172.5pt x 129.46054pt.

<Drawer.png, id=92, 496.85625pt x 413.545pt>
File: Drawer.png Graphic file (type png)
 <use Drawer.png>
Package pdftex.def Info: Drawer.png used on input line 258.
(pdftex.def)             Requested size: 172.5pt x 143.57553pt.

<Menu.png, id=93, 494.84875pt x 410.53375pt>
File: Menu.png Graphic file (type png)
 <use Menu.png>
Package pdftex.def Info: Menu.png used on input line 262.
(pdftex.def)             Requested size: 172.5pt x 143.10638pt.

Underfull \hbox (badness 10000) in paragraph at lines 245--268

 []

<Euclidean.png, id=94, 647.41875pt x 610.28pt>
File: Euclidean.png Graphic file (type png)
 <use Euclidean.png>
Package pdftex.def Info: Euclidean.png used on input line 273.
(pdftex.def)             Requested size: 172.5pt x 162.59875pt.

<Manhattan.png, id=95, 647.41875pt x 605.26125pt>
File: Manhattan.png Graphic file (type png)
 <use Manhattan.png>
Package pdftex.def Info: Manhattan.png used on input line 277.
(pdftex.def)             Requested size: 172.5pt x 161.2616pt.

<Squared.png, id=96, 650.43pt x 609.27625pt>
File: Squared.png Graphic file (type png)
 <use Squared.png>
Package pdftex.def Info: Squared.png used on input line 283.
(pdftex.def)             Requested size: 172.5pt x 161.5783pt.

<Nverter.png, id=97, 301.125pt x 301.125pt>
File: Nverter.png Graphic file (type png)
 <use Nverter.png>
Package pdftex.def Info: Nverter.png used on input line 287.
(pdftex.def)             Requested size: 172.5pt x 172.50684pt.

Underfull \hbox (badness 10000) in paragraph at lines 270--293

 []

[19 <./Sensors.PNG> <./Inefficient.png>] [20 <./Drawer.png> <./Menu.png> <./Euc
lidean.png> <./Manhattan.png>] [21 <./Squared.png> <./Nverter.png>]
<otsuOrig.png, id=115, 60.35959pt x 39.76869pt>
File: otsuOrig.png Graphic file (type png)
 <use otsuOrig.png>
Package pdftex.def Info: otsuOrig.png used on input line 305.
(pdftex.def)             Requested size: 284.52756pt x 187.51297pt.
 [22 <./otsuOrig.png>] <prewmask.png, id=121, 286.06876pt x 132.495pt>
File: prewmask.png Graphic file (type png)
 <use prewmask.png>
Package pdftex.def Info: prewmask.png used on input line 320.
(pdftex.def)             Requested size: 170.71652pt x 79.069pt.

<testprew.png, id=122, 260.975pt x 244.915pt>
File: testprew.png Graphic file (type png)
 <use testprew.png>
Package pdftex.def Info: testprew.png used on input line 329.
(pdftex.def)             Requested size: 170.71652pt x 160.21307pt.
 [23 <./prewmask.png>]
Overfull \hbox (3.56116pt too wide) in paragraph at lines 337--337
[]\OT1/cmr/bx/n/12 Research into Rect-an-gu-lar Sym-me-try Re-duc-tion 
 []

<simmytree.png, id=127, 361.35pt x 361.35pt>
File: simmytree.png Graphic file (type png)
 <use simmytree.png>
Package pdftex.def Info: simmytree.png used on input line 342.
(pdftex.def)             Requested size: 170.71652pt x 170.71672pt.
 [24 <./testprew.png>]
Underfull \hbox (badness 10000) in paragraph at lines 347--348

 []


Underfull \hbox (badness 10000) in paragraph at lines 347--348

 []

<rsr1.png, id=133, 1092.08pt x 493.845pt>
File: rsr1.png Graphic file (type png)
 <use rsr1.png>
Package pdftex.def Info: rsr1.png used on input line 353.
(pdftex.def)             Requested size: 284.52756pt x 128.6604pt.

<rsr2.png, id=134, 1093.08376pt x 493.845pt>
File: rsr2.png Graphic file (type png)
 <use rsr2.png>
Package pdftex.def Info: rsr2.png used on input line 362.
(pdftex.def)             Requested size: 284.52756pt x 128.54738pt.
 [25 <./simmytree.png> <./rsr1.png>] <rsr3.png, id=139, 1092.08pt x 492.84125pt
>
File: rsr3.png Graphic file (type png)
 <use rsr3.png>
Package pdftex.def Info: rsr3.png used on input line 371.
(pdftex.def)             Requested size: 284.52756pt x 128.3989pt.

<standard.jpg, id=140, 368.87813pt x 368.87813pt>
File: standard.jpg Graphic file (type jpg)
 <use standard.jpg>
Package pdftex.def Info: standard.jpg used on input line 384.
(pdftex.def)             Requested size: 199.16928pt x 199.1687pt.
 [26 <./rsr2.png> <./rsr3.png>] [27 <./standard.jpg>] [28] [29] [30] [31]
Underfull \hbox (badness 10000) in paragraph at lines 503--513

 []


Underfull \hbox (badness 10000) in paragraph at lines 503--513

 []


Underfull \hbox (badness 10000) in paragraph at lines 503--513

 []

[32] [33] <Hierarchy.png, id=168, 673.51625pt x 201.75375pt>
File: Hierarchy.png Graphic file (type png)

<use Hierarchy.png>
Package pdftex.def Info: Hierarchy.png used on input line 523.
(pdftex.def)             Requested size: 341.43306pt x 102.27734pt.
 <Flowchart.png, id=169, 442.65375pt x 924.45375pt>
File: Flowchart.png Graphic file (type png)

<use Flowchart.png>
Package pdftex.def Info: Flowchart.png used on input line 532.
(pdftex.def)             Requested size: 227.62204pt x 475.38664pt.
 [34 <./Hierarchy.png>] [35 <./Flowchart.png>] [36]
Underfull \hbox (badness 10000) in paragraph at lines 563--579

 []

\openout5 = `Report.pyg'.

(./_minted-Report/default-pyg-prefix.pygstyle)
(./_minted-Report/default.pygstyle)
(./_minted-Report/3D7E8DD53195D9728C182C63473F904A0155AC192463421046CB8E37556A0
A69.pygtex
LaTeX Font Info:    Font shape `OT1/cmtt/bx/n' in size <7> not available
(Font)              Font shape `OT1/cmtt/m/n' tried instead on input line 2.
 [37]) <Lion.jpeg, id=188, 381.425pt x 381.425pt>
File: Lion.jpeg Graphic file (type jpg)
 <use Lion.jpeg>
Package pdftex.def Info: Lion.jpeg used on input line 610.
(pdftex.def)             Requested size: 172.5pt x 172.49521pt.

<Grey_Lion.png, id=189, 801.99625pt x 797.98125pt>
File: Grey_Lion.png Graphic file (type png)
 <use Grey_Lion.png>
Package pdftex.def Info: Grey_Lion.png used on input line 614.
(pdftex.def)             Requested size: 172.5pt x 171.63568pt.

Underfull \hbox (badness 10000) in paragraph at lines 620--643

 []


Underfull \hbox (badness 10000) in paragraph at lines 620--643

 []


Underfull \hbox (badness 10000) in paragraph at lines 620--643

 []

[38 <./Lion.jpeg> <./Grey_Lion.png>]
\openout5 = `Report.pyg'.


(./_minted-Report/943126300DB74633DB9F63A4ABED9DED0155AC192463421046CB8E37556A0
A69.pygtex) [39]
\openout5 = `Report.pyg'.


(./_minted-Report/D92C21FF1938D4F2DF7624192A7B9AAA0155AC192463421046CB8E37556A0
A69.pygtex)
File: Lion.jpeg Graphic file (type jpg)
 <use Lion.jpeg>
Package pdftex.def Info: Lion.jpeg used on input line 721.
(pdftex.def)             Requested size: 172.5pt x 172.49521pt.

<Binary_Lion.png, id=197, 801.99625pt x 799.98875pt>
File: Binary_Lion.png Graphic file (type png)
 <use Binary_Lion.png>
Package pdftex.def Info: Binary_Lion.png used on input line 725.
(pdftex.def)             Requested size: 172.5pt x 172.06746pt.

[40] <maze_scan.png, id=201, 320.19624pt x 255.95625pt>
File: maze_scan.png Graphic file (type png)
 <use maze_scan.png>
Package pdftex.def Info: maze_scan.png used on input line 735.
(pdftex.def)             Requested size: 227.62204pt x 181.95673pt.

[41 <./Binary_Lion.png> <./maze_scan.png>]
\openout5 = `Report.pyg'.


(./_minted-Report/89C8C39D37A2042969AA2505D30F7D049B6925FC7B9E9779C3CF1A538B087
C34.pygtex) <differences.png, id=207, 362.35374pt x 305.14pt>
File: differences.png Graphic file (type png)

<use differences.png>
Package pdftex.def Info: differences.png used on input line 770.
(pdftex.def)             Requested size: 227.62204pt x 191.68513pt.
 [42]
<Zoom_differences.png, id=212, 363.3575pt x 327.2225pt>
File: Zoom_differences.png Graphic file (type png)

<use Zoom_differences.png>
Package pdftex.def Info: Zoom_differences.png used on input line 779.
(pdftex.def)             Requested size: 227.62204pt x 204.98788pt.
 [43 <./differences.png>] [44 <./Zoom_differences.png>]
\openout5 = `Report.pyg'.


(./_minted-Report/2A54E602DD818D770C321B0FEDC6C21C9B6925FC7B9E9779C3CF1A538B087
C34.pygtex) <Demo.png, id=221, 330.23375pt x 330.23375pt>
File: Demo.png Graphic file (type png)
 <use Demo.png>
Package pdftex.def Info: Demo.png used on input line 818.
(pdftex.def)             Requested size: 142.26378pt x 142.26984pt.

<Edges.png, id=222, 684.5575pt x 544.0325pt>
File: Edges.png Graphic file (type png)
 <use Edges.png>
Package pdftex.def Info: Edges.png used on input line 825.
(pdftex.def)             Requested size: 341.43306pt x 271.35149pt.
 [45 <./Demo.png>]
<edgethresh.png, id=227, 599.23875pt x 455.7025pt>
File: edgethresh.png Graphic file (type png)
 <use edgethresh.png>
Package pdftex.def Info: edgethresh.png used on input line 834.
(pdftex.def)             Requested size: 341.43306pt x 259.65576pt.

[46 <./Edges.png>]
\openout5 = `Report.pyg'.


(./_minted-Report/C430FF9AD25E069931A7353F3C63094E9B6925FC7B9E9779C3CF1A538B087
C34.pygtex [47 <./edgethresh.png>])
<walls.png, id=236, 576.1525pt x 572.1375pt>
File: walls.png Graphic file (type png)
 <use walls.png>
Package pdftex.def Info: walls.png used on input line 874.
(pdftex.def)             Requested size: 142.26378pt x 141.27054pt.
 [48 <./walls.png>]
\openout5 = `Report.pyg'.


(./_minted-Report/5B7D7CE41700AC6F0749136B77AB03FE9B6925FC7B9E9779C3CF1A538B087
C34.pygtex) <wallsall.png, id=242, 576.1525pt x 572.1375pt>
File: wallsall.png Graphic file (type png)
 <use wallsall.png>
Package pdftex.def Info: wallsall.png used on input line 938.
(pdftex.def)             Requested size: 142.26378pt x 141.27054pt.

[49] <mazegrid.png, id=247, 330.23375pt x 330.23375pt>
File: mazegrid.png Graphic file (type png)
 <use mazegrid.png>
Package pdftex.def Info: mazegrid.png used on input line 947.
(pdftex.def)             Requested size: 142.26378pt x 142.26984pt.

<wallsmulti.png, id=248, 576.1525pt x 572.1375pt>
File: wallsmulti.png Graphic file (type png)
 <use wallsmulti.png>
Package pdftex.def Info: wallsmulti.png used on input line 956.
(pdftex.def)             Requested size: 142.26378pt x 141.27054pt.
 [50 <./wallsall.png> <./mazegrid.png>]
\openout5 = `Report.pyg'.


(./_minted-Report/7CCEE87F0530AA356B527B54E23ECECE9B6925FC7B9E9779C3CF1A538B087
C34.pygtex [51 <./wallsmulti.png>])
<rectgrid.png, id=258, 474.77374pt x 369.38pt>
File: rectgrid.png Graphic file (type png)
 <use rectgrid.png>
Package pdftex.def Info: rectgrid.png used on input line 1027.
(pdftex.def)             Requested size: 142.26378pt x 110.67958pt.
 [52]
<abcrect.png, id=262, 464.73625pt x 369.38pt>
File: abcrect.png Graphic file (type png)
 <use abcrect.png>
Package pdftex.def Info: abcrect.png used on input line 1036.
(pdftex.def)             Requested size: 142.26378pt x 113.06935pt.

<areagrid.png, id=263, 511.9125pt x 364.36125pt>
File: areagrid.png Graphic file (type png)
 <use areagrid.png>
Package pdftex.def Info: areagrid.png used on input line 1045.
(pdftex.def)             Requested size: 227.62204pt x 162.00958pt.
 [53 <./rectgrid.png> <./abcrect.png>] <rectsteps.png, id=269, 552.0625pt x 500
.87125pt>
File: rectsteps.png Graphic file (type png)

<use rectsteps.png>
Package pdftex.def Info: rectsteps.png used on input line 1054.
(pdftex.def)             Requested size: 227.62204pt x 206.52022pt.
 [54 <./areagrid.png>] [55 <./rectsteps.png>]
\openout5 = `Report.pyg'.


(./_minted-Report/938A8BEB64DCAFED28552FBB80A79B4E9B6925FC7B9E9779C3CF1A538B087
C34.pygtex) <areaoutput.png, id=279, 548.0475pt x 164.615pt>
File: areaoutput.png Graphic file (type png)

<use areaoutput.png>
Package pdftex.def Info: areaoutput.png used on input line 1124.
(pdftex.def)             Requested size: 341.43306pt x 102.55757pt.
 [56] <overlap.png, id=283, 527.9725pt x 493.845pt>
File: overlap.png Graphic file (type png)

<use overlap.png>
Package pdftex.def Info: overlap.png used on input line 1137.
(pdftex.def)             Requested size: 142.26378pt x 133.06111pt.
 [57 <./areaoutput.png>] [58 <./overlap.png>]
\openout5 = `Report.pyg'.


(./_minted-Report/628E190B557051F47102193A646B55770155AC192463421046CB8E37556A0
A69.pygtex) [59] [60]
\openout5 = `Report.pyg'.


(./_minted-Report/E2C5DE4DEC3F039338128AE73D02750C0155AC192463421046CB8E37556A0
A69.pygtex [61]) [62]
Overfull \hbox (6.24947pt too wide) in paragraph at lines 1363--1364
[]\OT1/cmr/m/n/10 I didn't pro-to-type this sec-tion as it seemed in-cred-i-bly
 sim-ple to un-der-stand. 
 []

<nbrs.png, id=305, 506.89375pt x 507.8975pt>
File: nbrs.png Graphic file (type png)
 <use nbrs.png>
Package pdftex.def Info: nbrs.png used on input line 1371.
(pdftex.def)             Requested size: 227.62204pt x 228.07127pt.
 [63] [64 <./nbrs.png>]
\openout5 = `Report.pyg'.


(./_minted-Report/023ADC6C64A660BD9372D59F5C6727930155AC192463421046CB8E37556A0
A69.pygtex) <nbrout.png, id=313, 149.55875pt x 148.555pt>
File: nbrout.png Graphic file (type png)
 <use nbrout.png>
Package pdftex.def Info: nbrout.png used on input line 1428.
(pdftex.def)             Requested size: 142.26378pt x 141.3191pt.

[65] [66 <./nbrout.png>]
\openout5 = `Report.pyg'.


(./_minted-Report/98FE7D2D7EF5A2FD86E13B5F966D3FEF0155AC192463421046CB8E37556A0
A69.pygtex [67]) <greenode.png, id=325, 215.80624pt x 207.77625pt>
File: greenode.png Graphic file (type png)

<use greenode.png>
Package pdftex.def Info: greenode.png used on input line 1528.
(pdftex.def)             Requested size: 172.5pt x 166.08804pt.
 <nodenbr.png, id=326, 109.40875pt x 137.51375pt>
File: nodenbr.png Graphic file (type png)

<use nodenbr.png>
Package pdftex.def Info: nodenbr.png used on input line 1532.
(pdftex.def)             Requested size: 172.5pt x 216.8161pt.
 [68 <./greenode.png> <./nodenbr.png>]
LaTeX Font Info:    Font shape `OMS/cmr/m/n' in size <10> not available
(Font)              Font shape `OMS/cmsy/m/n' tried instead on input line 1545.

\openout5 = `Report.pyg'.


(./_minted-Report/E9F7C2B5B9836BCE75548C8279971FB10155AC192463421046CB8E37556A0
A69.pygtex [69]) <adjout.png, id=335, 188.705pt x 140.525pt>
File: adjout.png Graphic file (type png)
 <use adjout.png>
Package pdftex.def Info: adjout.png used on input line 1597.
(pdftex.def)             Requested size: 142.26378pt x 105.94026pt.

[70 <./adjout.png>] [71]
\openout5 = `Report.pyg'.


(./_minted-Report/5C280ABCC936149DC988E6B998CCC4520155AC192463421046CB8E37556A0
A69.pygtex [72]) <maxheap.png, id=348, 772.8875pt x 586.19pt>
File: maxheap.png Graphic file (type png)

<use maxheap.png>
Package pdftex.def Info: maxheap.png used on input line 1734.
(pdftex.def)             Requested size: 341.43306pt x 258.95302pt.
 [73] [74 <./maxheap.png>] [75] [76]
\openout5 = `Report.pyg'.


(./_minted-Report/1AF514D0BC210AFEF9A1210B6B3394AF0155AC192463421046CB8E37556A0
A69.pygtex) [77]
Underfull \hbox (badness 10000) in paragraph at lines 1855--1876

 []


Underfull \hbox (badness 10000) in paragraph at lines 1855--1876

 []


Underfull \hbox (badness 10000) in paragraph at lines 1855--1876

 []


Underfull \hbox (badness 10000) in paragraph at lines 1855--1876

 []


Underfull \hbox (badness 10000) in paragraph at lines 1855--1876

 []


Underfull \hbox (badness 10000) in paragraph at lines 1855--1876

 []


Overfull \hbox (1.07463pt too wide) in paragraph at lines 1855--1876
\OT1/cmr/m/n/10 neigh-bour-ing rows/columns. There are four vec-tors: up-edges,
 down-
 []


Underfull \hbox (badness 10000) in paragraph at lines 1855--1876

 []


Underfull \hbox (badness 10000) in paragraph at lines 1855--1876

 []


Underfull \hbox (badness 10000) in paragraph at lines 1855--1876

 []


Underfull \hbox (badness 10000) in paragraph at lines 1855--1876

 []

[78]
Underfull \hbox (badness 10000) in paragraph at lines 1880--1883

 []


Underfull \hbox (badness 10000) in paragraph at lines 1887--1894

 []


Underfull \hbox (badness 10000) in paragraph at lines 1887--1894

 []


Underfull \hbox (badness 10000) in paragraph at lines 1887--1894

 []

[79]
Underfull \hbox (badness 10000) in paragraph at lines 1903--1906

 []


Underfull \hbox (badness 10000) in paragraph at lines 1910--1913

 []

[80] <FSM.png, id=375, 650.43pt x 797.98125pt>
File: FSM.png Graphic file (type png)
 <use FSM.png>
Package pdftex.def Info: FSM.png used on input line 1924.
(pdftex.def)             Requested size: 341.43306pt x 418.89772pt.
 [81]
<Slide1.png, id=379, 963.6pt x 542.025pt>
File: Slide1.png Graphic file (type png)
 <use Slide1.png>
Package pdftex.def Info: Slide1.png used on input line 1934.
(pdftex.def)             Requested size: 341.43306pt x 192.05217pt.
 [82 <./FSM.png>]
<Slide2.png, id=384, 963.6pt x 542.025pt>
File: Slide2.png Graphic file (type png)
 <use Slide2.png>
Package pdftex.def Info: Slide2.png used on input line 1949.
(pdftex.def)             Requested size: 341.43306pt x 192.05217pt.
 [83 <./Slide1.png>]
<Slide3.png, id=389, 963.6pt x 542.025pt>
File: Slide3.png Graphic file (type png)
 <use Slide3.png>
Package pdftex.def Info: Slide3.png used on input line 1963.
(pdftex.def)             Requested size: 341.43306pt x 192.05217pt.
 [84 <./Slide2.png>]
[85 <./Slide3.png>] <Slide4.png, id=399, 963.6pt x 542.025pt>
File: Slide4.png Graphic file (type png)
 <use Slide4.png>
Package pdftex.def Info: Slide4.png used on input line 1982.
(pdftex.def)             Requested size: 341.43306pt x 192.05217pt.

<Slide5.png, id=400, 963.6pt x 542.025pt>
File: Slide5.png Graphic file (type png)
 <use Slide5.png>
Package pdftex.def Info: Slide5.png used on input line 1999.
(pdftex.def)             Requested size: 341.43306pt x 192.05217pt.
 [86 <./Slide4.png>]
<Slide6.png, id=405, 963.6pt x 542.025pt>
File: Slide6.png Graphic file (type png)
 <use Slide6.png>
Package pdftex.def Info: Slide6.png used on input line 2017.
(pdftex.def)             Requested size: 341.43306pt x 192.05217pt.
 [87 <./Slide5.png>]
<files.png, id=410, 486.81876pt x 426.59375pt>
File: files.png Graphic file (type png)
 <use files.png>
Package pdftex.def Info: files.png used on input line 2036.
(pdftex.def)             Requested size: 227.62204pt x 199.46411pt.
 [88 <./Slide6.png>]
Underfull \hbox (badness 10000) in paragraph at lines 2042--2043

 []

File: Hierarchy.png Graphic file (type png)
<use Hierarchy.png>
Package pdftex.def Info: Hierarchy.png used on input line 2046.
(pdftex.def)             Requested size: 341.43306pt x 102.27734pt.

Underfull \hbox (badness 10000) in paragraph at lines 2051--2052

 []

[89 <./files.png>]
Underfull \hbox (badness 10000) in paragraph at lines 2053--2054

 []


Underfull \hbox (badness 10000) in paragraph at lines 2055--2056

 []


Underfull \hbox (badness 10000) in paragraph at lines 2057--2058

 []


Underfull \hbox (badness 10000) in paragraph at lines 2059--2060

 []


Underfull \hbox (badness 10000) in paragraph at lines 2061--2062

 []


Underfull \hbox (badness 10000) in paragraph at lines 2063--2064

 []


Underfull \hbox (badness 10000) in paragraph at lines 2065--2066

 []


Underfull \hbox (badness 10000) in paragraph at lines 2067--2068

 []


Underfull \hbox (badness 10000) in paragraph at lines 2069--2070

 []


Underfull \hbox (badness 10000) in paragraph at lines 2071--2072

 []


Underfull \hbox (badness 10000) in paragraph at lines 2073--2074

 []

[90]
Underfull \hbox (badness 10000) in paragraph at lines 2075--2076

 []

<grayay.png, id=423, 165.61874pt x 86.3225pt>
File: grayay.png Graphic file (type png)
 <use grayay.png>
Package pdftex.def Info: grayay.png used on input line 2082.
(pdftex.def)             Requested size: 272.9786pt x 142.26378pt.

<mazey.png, id=424, 119.44624pt x 109.40875pt>
File: mazey.png Graphic file (type png)
 <use mazey.png>
Package pdftex.def Info: mazey.png used on input line 2094.
(pdftex.def)             Requested size: 155.31834pt x 142.26378pt.
 [91 <./grayay.png>] <wallsss.png, id=429, 81.30376pt x 126.4725pt>
File: wallsss.png Graphic file (type png)
 <use wallsss.png>
Package pdftex.def Info: wallsss.png used on input line 2106.
(pdftex.def)             Requested size: 91.45656pt x 142.26378pt.
 [92 <./mazey.png>] <recyy.png, id=434, 121.45375pt x 102.3825pt>
File: recyy.png Graphic file (type png)
 <use recyy.png>
Package pdftex.def Info: recyy.png used on input line 2118.
(pdftex.def)             Requested size: 168.77571pt x 142.26378pt.
 [93 <./wallsss.png> <./recyy.png>] <noody.png, id=440, 107.40125pt x 105.39375
pt>
File: noody.png Graphic file (type png)

<use noody.png>
Package pdftex.def Info: noody.png used on input line 2130.
(pdftex.def)             Requested size: 144.9772pt x 142.26378pt.
 [94 <./noody.png>]
Overfull \hbox (2.69502pt too wide) in paragraph at lines 2144--2145
\OT1/cmr/m/n/10 put, out-put, val-i-da-tion) of each is de-tailed be-low, as we
ll as class di-a-grams. 
 []

<Imagecd.png, id=445, 161.60374pt x 951.555pt>
File: Imagecd.png Graphic file (type png)
 <use Imagecd.png>
Package pdftex.def Info: Imagecd.png used on input line 2151.
(pdftex.def)             Requested size: 85.35826pt x 502.60844pt.
 [95]
Underfull \hbox (badness 10000) in paragraph at lines 2156--2158

 []

[96 <./Imagecd.png>]
Overfull \hbox (13.12929pt too wide) in paragraph at lines 2219--2225
\OT1/cmr/bx/n/10 Description \OT1/cmr/m/n/10 - sets the end points of the maze 
us-ing the field end[]points. 
 []

[97] [98] [99] <window1.png, id=464, 163.61125pt x 1052.93375pt>
File: window1.png Graphic file (type png)

<use window1.png>
Package pdftex.def Info: window1.png used on input line 2369.
(pdftex.def)             Requested size: 85.35826pt x 549.32816pt.
 [100]
Overfull \vbox (23.2726pt too high) has occurred while \output is active []


[101 <./window1.png>] <window2.png, id=472, 164.615pt x 597.23125pt>
File: window2.png Graphic file (type png)

<use window2.png>
Package pdftex.def Info: window2.png used on input line 2376.
(pdftex.def)             Requested size: 85.35826pt x 309.68718pt.

Underfull \hbox (badness 10000) in paragraph at lines 2381--2382

 []


Underfull \hbox (badness 10000) in paragraph at lines 2381--2382

 []

[102 <./window2.png>]
Overfull \hbox (0.85161pt too wide) in paragraph at lines 2417--2421
\OT1/cmr/bx/n/10 Description \OT1/cmr/m/n/10 - adds main menu but-tons via add[
]buttons and changes
 []

[103]
Overfull \hbox (8.6294pt too wide) in paragraph at lines 2481--2485
\OT1/cmr/bx/n/10 Description \OT1/cmr/m/n/10 - adds path win-dow but-tons via a
dd[]buttons and changes
 []

[104] [105] [106] [107] <Expcd.png, id=493, 161.60374pt x 90.3375pt>
File: Expcd.png Graphic file (type png)

<use Expcd.png>
Package pdftex.def Info: Expcd.png used on input line 2676.
(pdftex.def)             Requested size: 85.35826pt x 47.71597pt.

Underfull \hbox (badness 10000) in paragraph at lines 2681--2682

 []


Underfull \hbox (badness 10000) in paragraph at lines 2681--2682

 []

[108 <./Expcd.png>] <Mazecd.png, id=499, 161.60374pt x 507.8975pt>
File: Mazecd.png Graphic file (type png)

<use Mazecd.png>
Package pdftex.def Info: Mazecd.png used on input line 2704.
(pdftex.def)             Requested size: 85.35826pt x 268.26991pt.

Underfull \hbox (badness 10000) in paragraph at lines 2709--2710

 []


Underfull \hbox (badness 10000) in paragraph at lines 2709--2710

 []

[109 <./Mazecd.png>] [110] <Menucd.png, id=507, 161.60374pt x 90.3375pt>
File: Menucd.png Graphic file (type png)

<use Menucd.png>
Package pdftex.def Info: Menucd.png used on input line 2764.
(pdftex.def)             Requested size: 85.35826pt x 47.71597pt.

Underfull \hbox (badness 10000) in paragraph at lines 2769--2770

 []


Underfull \hbox (badness 10000) in paragraph at lines 2769--2770

 []

<nodecd.png, id=508, 161.60374pt x 612.2875pt>
File: nodecd.png Graphic file (type png)
 <use nodecd.png>
Package pdftex.def Info: nodecd.png used on input line 2784.
(pdftex.def)             Requested size: 85.35826pt x 323.40839pt.
 [111 <./Menucd.png>]
Underfull \hbox (badness 10000) in paragraph at lines 2789--2790

 []


Underfull \hbox (badness 10000) in paragraph at lines 2789--2790

 []

[112 <./nodecd.png>] [113] [114] <heapcd.png, id=524, 161.60374pt x 325.215pt>
File: heapcd.png Graphic file (type png)

<use heapcd.png>
Package pdftex.def Info: heapcd.png used on input line 2916.
(pdftex.def)             Requested size: 85.35826pt x 171.77756pt.

Underfull \hbox (badness 10000) in paragraph at lines 2921--2922

 []


Underfull \hbox (badness 10000) in paragraph at lines 2921--2922

 []

[115 <./heapcd.png>] [116] <hashcd.png, id=532, 161.60374pt x 299.1175pt>
File: hashcd.png Graphic file (type png)

<use hashcd.png>
Package pdftex.def Info: hashcd.png used on input line 3000.
(pdftex.def)             Requested size: 85.35826pt x 157.99294pt.

Underfull \hbox (badness 10000) in paragraph at lines 3005--3006

 []


Underfull \hbox (badness 10000) in paragraph at lines 3005--3006

 []

[117 <./hashcd.png>] <quitcd.png, id=537, 161.60374pt x 35.13126pt>
File: quitcd.png Graphic file (type png)

<use quitcd.png>
Package pdftex.def Info: quitcd.png used on input line 3069.
(pdftex.def)             Requested size: 85.35826pt x 18.5562pt.
 [118] <invalidcd.png, id=541, 161.60374pt x 35.13126pt>
File: invalidcd.png Graphic file (type png)

<use invalidcd.png>
Package pdftex.def Info: invalidcd.png used on input line 3080.
(pdftex.def)             Requested size: 85.35826pt x 18.5562pt.
 [119 <./quitcd.png> <./invalidcd.png>] [120] [121] [122]
\openout5 = `Report.pyg'.


(./_minted-Report/A87F5483C3D47F757B5C94F01606672D0155AC192463421046CB8E37556A0
A69.pygtex [123] [124] [125] [126] [127] [128] [129] [130] [131] [132] [133])
[134]
\openout5 = `Report.pyg'.


(./_minted-Report/183F7FA9794735E0560CE0C9EBBDB1AF0155AC192463421046CB8E37556A0
A69.pygtex [135]) [136]
\openout5 = `Report.pyg'.


(./_minted-Report/D1DBF3BE5E8758633C233236CFCD0A900155AC192463421046CB8E37556A0
A69.pygtex [137]) [138]
\openout5 = `Report.pyg'.


(./_minted-Report/9D3F43DF6CB9CDCAC3FED6B940200DDC0155AC192463421046CB8E37556A0
A69.pygtex) [139]
\openout5 = `Report.pyg'.


(./_minted-Report/8881A2A2B74570A0973ADA7F4068130B0155AC192463421046CB8E37556A0
A69.pygtex) [140]
\openout5 = `Report.pyg'.


(./_minted-Report/DF0174959326AC2A0910F7508EF2271C403B2C6854F06099B29D99E005D4A
A99.pygtex [141]) [142]
\openout5 = `Report.pyg'.


(./_minted-Report/C2C20241D191652B1530B5E1BCCAC2D1403B2C6854F06099B29D99E005D4A
A99.pygtex [143] [144] [145]) [146]
\openout5 = `Report.pyg'.


(./_minted-Report/9E0C5BF6D102E00A4270345148F7F996403B2C6854F06099B29D99E005D4A
A99.pygtex [147]) [148]
\openout5 = `Report.pyg'.


(./_minted-Report/6178E51E29334F72383B303E48744DA0403B2C6854F06099B29D99E005D4A
A99.pygtex) [149]
\openout5 = `Report.pyg'.


(./_minted-Report/41995D1F8FE2F42EC691CC1ED30414F99B6925FC7B9E9779C3CF1A538B087
C34.pygtex [150] [151]) [152]
\openout5 = `Report.pyg'.


(./_minted-Report/3D01C8AE03ED0504F63615A39F49C5C99B6925FC7B9E9779C3CF1A538B087
C34.pygtex) [153]
\openout5 = `Report.pyg'.


(./_minted-Report/3106EE813BCBD983C9DD6C78AEBD15579B6925FC7B9E9779C3CF1A538B087
C34.pygtex [154]) [155]
\openout5 = `Report.pyg'.


(./_minted-Report/956450B59F8CDD85C1963F40437C698E9B6925FC7B9E9779C3CF1A538B087
C34.pygtex [156]) [157] <1.jpg, id=670, 702.625pt x 702.625pt>
File: 1.jpg Graphic file (type jpg)
 <use 1.jpg>
Package pdftex.def Info: 1.jpg used on input line 5150.
(pdftex.def)             Requested size: 170.71652pt x 170.71335pt.

<2.png, id=671, 1069.9975pt x 803.0pt>
File: 2.png Graphic file (type png)
 <use 2.png>
Package pdftex.def Info: 2.png used on input line 5157.
(pdftex.def)             Requested size: 170.71652pt x 128.11504pt.
 [158 <./1.jpg>]
<5.jpg, id=675, 368.87813pt x 368.87813pt>
File: 5.jpg Graphic file (type jpg)
 <use 5.jpg>
Package pdftex.def Info: 5.jpg used on input line 5165.
(pdftex.def)             Requested size: 170.71652pt x 170.71602pt.

<9.png, id=676, 158.5925pt x 320.19624pt>
File: 9.png Graphic file (type png)
 <use 9.png>
Package pdftex.def Info: 9.png used on input line 5172.
(pdftex.def)             Requested size: 85.35826pt x 172.34152pt.
 [159 <./2.png> <./5.jpg>] <fishmaze.jpg, id=681, 414.79968pt x 419.31656pt>
File: fishmaze.jpg Graphic file (type jpg)
 <use fishmaze.jpg>
Package pdftex.def Info: fishmaze.jpg used on input line 5179.
(pdftex.def)             Requested size: 170.71652pt x 172.57352pt.

<mini.png, id=682, 150.5625pt x 150.5625pt>
File: mini.png Graphic file (type png)
 <use mini.png>
Package pdftex.def Info: mini.png used on input line 5186.
(pdftex.def)             Requested size: 170.71652pt x 170.73325pt.
 [160 <./9.png> <./fishmaze.jpg>]
File: mini.png Graphic file (type png)
 <use mini.png>
Package pdftex.def Info: mini.png used on input line 5193.
(pdftex.def)             Requested size: 170.71652pt x 170.73325pt.
File: mini.png Graphic file (type png)
 <use mini.png>
Package pdftex.def Info: mini.png used on input line 5200.
(pdftex.def)             Requested size: 170.71652pt x 170.73325pt.
 [161 <./mini.png>]
<threeholes.png, id=691, 271.0125pt x 271.0125pt>
File: threeholes.png Graphic file (type png)
 <use threeholes.png>
Package pdftex.def Info: threeholes.png used on input line 5207.
(pdftex.def)             Requested size: 170.71652pt x 170.72223pt.

<twoholes.png, id=692, 271.0125pt x 271.0125pt>
File: twoholes.png Graphic file (type png)
 <use twoholes.png>
Package pdftex.def Info: twoholes.png used on input line 5214.
(pdftex.def)             Requested size: 170.71652pt x 170.72223pt.
 [162 <./threeholes.png>] <oneholes.png, id=698, 271.0125pt x 271.0125pt>
File: oneholes.png Graphic file (type png)

<use oneholes.png>
Package pdftex.def Info: oneholes.png used on input line 5221.
(pdftex.def)             Requested size: 170.71652pt x 170.72223pt.
 <noholes.png, id=699, 271.0125pt x 271.0125pt>
File: noholes.png Graphic file (type png)

<use noholes.png>
Package pdftex.def Info: noholes.png used on input line 5228.
(pdftex.def)             Requested size: 170.71652pt x 170.72223pt.
 [163 <./twoholes.png> <./oneholes.png>]
<little.png, id=705, 804.00375pt x 803.0pt>
File: little.png Graphic file (type png)
 <use little.png>
Package pdftex.def Info: little.png used on input line 5235.
(pdftex.def)             Requested size: 170.71652pt x 170.49739pt.

<download.png, id=706, 225.84375pt x 225.84375pt>
File: download.png Graphic file (type png)
 <use download.png>
Package pdftex.def Info: download.png used on input line 5242.
(pdftex.def)             Requested size: 170.71652pt x 170.72636pt.
 [164 <./noholes.png> <./little.png>] <ring.png, id=712, 150.5625pt x 150.5625p
t>
File: ring.png Graphic file (type png)

<use ring.png>
Package pdftex.def Info: ring.png used on input line 5249.
(pdftex.def)             Requested size: 170.71652pt x 170.73325pt.
 <5x5.png, id=713, 144.54pt x 144.54pt>
File: 5x5.png Graphic file (type png)
 <use 5x5.png>
Package pdftex.def Info: 5x5.png used on input line 5256.
(pdftex.def)             Requested size: 170.71652pt x 170.72551pt.
 [165 <./download.png> <./ring.png>]
Overfull \hbox (93.01485pt too wide) in paragraph at lines 5263--5264
\OT1/cmr/m/n/10 be-low or this playlist link: https://www.youtube.com/playlist?
list=PLKJBgIwNNcv9xzWw0fRfGho-
 []


Overfull \hbox (7.54024pt too wide) in paragraph at lines 5267--5268
[]\OT1/cmr/m/n/10 https://www.youtube.com/watch?v=dJTpQ75uv6A (Open-ing RGB Im-
ages) 
 []


Overfull \hbox (16.76741pt too wide) in paragraph at lines 5268--5269
[]\OT1/cmr/m/n/10 https://www.youtube.com/watch?v=ONwoV[]Dy0Fo (Auto-Select End
 Points) 
 []

[166 <./5x5.png>] [167]
Underfull \hbox (badness 10000) in paragraph at lines 5345--5355

 []


Underfull \hbox (badness 10000) in paragraph at lines 5345--5355

 []


Underfull \hbox (badness 10000) in paragraph at lines 5345--5355

 []


Underfull \hbox (badness 10000) in paragraph at lines 5345--5355

 []

[168]
Underfull \hbox (badness 10000) in paragraph at lines 5357--5367

 []


Underfull \hbox (badness 10000) in paragraph at lines 5357--5367

 []


Underfull \hbox (badness 10000) in paragraph at lines 5357--5367

 []


Underfull \hbox (badness 10000) in paragraph at lines 5357--5367

 []

<321.png, id=729, 710.655pt x 147.55125pt>
File: 321.png Graphic file (type png)
 <use 321.png>
Package pdftex.def Info: 321.png used on input line 5372.
(pdftex.def)             Requested size: 341.43306pt x 70.89133pt.
 [169]
<322.png, id=733, 553.06625pt x 56.21pt>
File: 322.png Graphic file (type png)
 <use 322.png>
Package pdftex.def Info: 322.png used on input line 5381.
(pdftex.def)             Requested size: 341.43306pt x 34.70059pt.

<323.png, id=734, 434.62375pt x 31.11626pt>
File: 323.png Graphic file (type png)
 <use 323.png>
Package pdftex.def Info: 323.png used on input line 5388.
(pdftex.def)             Requested size: 341.43306pt x 24.44576pt.

<331.png, id=735, 742.775pt x 507.8975pt>
File: 331.png Graphic file (type png)
 <use 331.png>
Package pdftex.def Info: 331.png used on input line 5399.
(pdftex.def)             Requested size: 341.43306pt x 233.47295pt.
 [170 <./321.png> <./322.png> <./323.png>]
Underfull \hbox (badness 10000) in paragraph at lines 5407--5417

 []


Underfull \hbox (badness 10000) in paragraph at lines 5407--5417

 []


Underfull \hbox (badness 10000) in paragraph at lines 5407--5417

 []


Underfull \hbox (badness 10000) in paragraph at lines 5407--5417

 []

[171 <./331.png>]
\openout5 = `Report.pyg'.


(./_minted-Report/3939F7B477F1C549B88C30852296B6520155AC192463421046CB8E37556A0
A69.pygtex) <121.png, id=746, 589.20125pt x 284.06125pt>
File: 121.png Graphic file (type png)
 <use 121.png>
Package pdftex.def Info: 121.png used on input line 5444.
(pdftex.def)             Requested size: 341.43306pt x 164.60825pt.

Underfull \hbox (badness 10000) in paragraph at lines 5453--5463

 []


Underfull \hbox (badness 10000) in paragraph at lines 5453--5463

 []


Underfull \hbox (badness 10000) in paragraph at lines 5453--5463

 []


Underfull \hbox (badness 10000) in paragraph at lines 5453--5463

 []

[172 <./121.png>]
Underfull \hbox (badness 10000) in paragraph at lines 5465--5475

 []


Underfull \hbox (badness 10000) in paragraph at lines 5465--5475

 []


Underfull \hbox (badness 10000) in paragraph at lines 5465--5475

 []


Underfull \hbox (badness 10000) in paragraph at lines 5465--5475

 []

[173]
Underfull \hbox (badness 10000) in paragraph at lines 5477--5487

 []


Underfull \hbox (badness 10000) in paragraph at lines 5477--5487

 []


Underfull \hbox (badness 10000) in paragraph at lines 5477--5487

 []


Underfull \hbox (badness 10000) in paragraph at lines 5477--5487

 []

[174]
Underfull \hbox (badness 10000) in paragraph at lines 5489--5499

 []


Underfull \hbox (badness 10000) in paragraph at lines 5489--5499

 []


Underfull \hbox (badness 10000) in paragraph at lines 5489--5499

 []


Underfull \hbox (badness 10000) in paragraph at lines 5489--5499

 []


Underfull \hbox (badness 10000) in paragraph at lines 5501--5511

 []


Underfull \hbox (badness 10000) in paragraph at lines 5501--5511

 []


Underfull \hbox (badness 10000) in paragraph at lines 5501--5511

 []


Underfull \hbox (badness 10000) in paragraph at lines 5501--5511

 []

[175]
Underfull \hbox (badness 10000) in paragraph at lines 5513--5523

 []


Underfull \hbox (badness 10000) in paragraph at lines 5513--5523

 []


Underfull \hbox (badness 10000) in paragraph at lines 5513--5523

 []


Underfull \hbox (badness 10000) in paragraph at lines 5513--5523

 []


Underfull \hbox (badness 10000) in paragraph at lines 5525--5535

 []


Underfull \hbox (badness 10000) in paragraph at lines 5525--5535

 []


Underfull \hbox (badness 10000) in paragraph at lines 5525--5535

 []


Underfull \hbox (badness 10000) in paragraph at lines 5525--5535

 []

[176]
Underfull \hbox (badness 10000) in paragraph at lines 5537--5547

 []


Underfull \hbox (badness 10000) in paragraph at lines 5537--5547

 []


Underfull \hbox (badness 10000) in paragraph at lines 5537--5547

 []


Underfull \hbox (badness 10000) in paragraph at lines 5537--5547

 []


Underfull \hbox (badness 10000) in paragraph at lines 5549--5559

 []


Underfull \hbox (badness 10000) in paragraph at lines 5549--5559

 []


Underfull \hbox (badness 10000) in paragraph at lines 5549--5559

 []


Underfull \hbox (badness 10000) in paragraph at lines 5549--5559

 []

[177]
\openout5 = `Report.pyg'.


(./_minted-Report/104AA6C32BA05C3D39496F6E1BBD0FF49B6925FC7B9E9779C3CF1A538B087
C34.pygtex) <ringthesh.png, id=767, 1192.455pt x 599.23875pt>
File: ringthesh.png Graphic file (type png)

<use ringthesh.png>
Package pdftex.def Info: ringthesh.png used on input line 5588.
(pdftex.def)             Requested size: 284.52756pt x 142.97902pt.
 [178 <./ringthesh.png>]
<orig.jpg, id=772, 1027.84pt x 770.88pt>
File: orig.jpg Graphic file (type jpg)
 <use orig.jpg>
Package pdftex.def Info: orig.jpg used on input line 5597.
(pdftex.def)             Requested size: 284.52756pt x 213.39828pt.

<correct.jpg, id=773, 1027.84pt x 770.88pt>
File: correct.jpg Graphic file (type jpg)
 <use correct.jpg>
Package pdftex.def Info: correct.jpg used on input line 5604.
(pdftex.def)             Requested size: 284.52756pt x 213.39828pt.
 [179 <./orig.jpg>] <mine.png, id=777, 1069.9975pt x 803.0pt>
File: mine.png Graphic file (type png)
 <use mine.png>
Package pdftex.def Info: mine.png used on input line 5611.
(pdftex.def)             Requested size: 284.52756pt x 213.52914pt.

Underfull \hbox (badness 10000) in paragraph at lines 5619--5629

 []


Underfull \hbox (badness 10000) in paragraph at lines 5619--5629

 []


Underfull \hbox (badness 10000) in paragraph at lines 5619--5629

 []


Underfull \hbox (badness 10000) in paragraph at lines 5619--5629

 []


Overfull \hbox (5.22173pt too wide) in paragraph at lines 5619--5629
\OT1/cmr/m/n/10 I used the fol-low-ing method to test the wall-finding abil-i-t
ies of my pro-gram. 
 []

[180 <./correct.jpg> <./mine.png>]
\openout5 = `Report.pyg'.


(./_minted-Report/FF90D5958FC75255040224088F911A490155AC192463421046CB8E37556A0
A69.pygtex) <wally.png, id=783, 803.0pt x 803.0pt>
File: wally.png Graphic file (type png)
 <use wally.png>
Package pdftex.def Info: wally.png used on input line 5654.
(pdftex.def)             Requested size: 284.52756pt x 284.534pt.
 [181]
Underfull \hbox (badness 10000) in paragraph at lines 5662--5672

 []


Underfull \hbox (badness 10000) in paragraph at lines 5662--5672

 []


Underfull \hbox (badness 10000) in paragraph at lines 5662--5672

 []


Underfull \hbox (badness 10000) in paragraph at lines 5662--5672

 []

[182 <./wally.png>]
\openout5 = `Report.pyg'.


(./_minted-Report/F1B398F1C2F42B4D8A4C12F33F0673AF0155AC192463421046CB8E37556A0
A69.pygtex)
Overfull \hbox (4.66615pt too wide) in paragraph at lines 5692--5693
[]\OT1/cmr/m/n/10 I then ran this us-ing the im-age 5.jpg and the fol-low-ing i
m-age was pro-duced. 
 []

<NodesDisplaysmallone.png, id=791, 511.9125pt x 512.91624pt>
File: NodesDisplaysmallone.png Graphic file (type png)

<use NodesDisplaysmallone.png>
Package pdftex.def Info: NodesDisplaysmallone.png used on input line 5696.
(pdftex.def)             Requested size: 284.52756pt x 285.08669pt.
 [183 <./NodesDisplaysmallone.png>]
<NodesDisplaylitle.png, id=796, 607.26875pt x 607.26875pt>
File: NodesDisplaylitle.png Graphic file (type png)

<use NodesDisplaylitle.png>
Package pdftex.def Info: NodesDisplaylitle.png used on input line 5705.
(pdftex.def)             Requested size: 284.52756pt x 284.5268pt.

Underfull \hbox (badness 10000) in paragraph at lines 5713--5723

 []


Underfull \hbox (badness 10000) in paragraph at lines 5713--5723

 []


Underfull \hbox (badness 10000) in paragraph at lines 5713--5723

 []


Underfull \hbox (badness 10000) in paragraph at lines 5713--5723

 []

[184 <./NodesDisplaylitle.png>]
\openout5 = `Report.pyg'.


(./_minted-Report/1B4D9EEE3D1A8091A965704784F304C90155AC192463421046CB8E37556A0
A69.pygtex) <RECTSbasicnonrect.png, id=801, 225.84375pt x 225.84375pt>
File: RECTSbasicnonrect.png Graphic file (type png)

<use RECTSbasicnonrect.png>
Package pdftex.def Info: RECTSbasicnonrect.png used on input line 5755.
(pdftex.def)             Requested size: 284.52756pt x 284.5646pt.
 [185]
<console1.png, id=805, 278.03876pt x 29.10875pt>
File: console1.png Graphic file (type png)
 <use console1.png>
Package pdftex.def Info: console1.png used on input line 5764.
(pdftex.def)             Requested size: 284.52756pt x 29.78868pt.

<RSReduction.png, id=806, 401.5pt x 401.5pt>
File: RSReduction.png Graphic file (type png)
 <use RSReduction.png>
Package pdftex.def Info: RSReduction.png used on input line 5773.
(pdftex.def)             Requested size: 284.52756pt x 284.54623pt.
 [186 <./RECTSbasicnonrect.png (PNG copy)> <./console1.png>]
<console2.png, id=812, 265.99374pt x 33.12375pt>
File: console2.png Graphic file (type png)
 <use console2.png>
Package pdftex.def Info: console2.png used on input line 5780.
(pdftex.def)             Requested size: 284.52756pt x 35.43446pt.

Underfull \hbox (badness 10000) in paragraph at lines 5788--5798

 []


Underfull \hbox (badness 10000) in paragraph at lines 5788--5798

 []


Underfull \hbox (badness 10000) in paragraph at lines 5788--5798

 []


Underfull \hbox (badness 10000) in paragraph at lines 5788--5798

 []

[187 <./RSReduction.png (PNG copy)> <./console2.png>]
<Nodesbasicnonrect.png, id=817, 225.84375pt x 225.84375pt>
File: Nodesbasicnonrect.png Graphic file (type png)

<use Nodesbasicnonrect.png>
Package pdftex.def Info: Nodesbasicnonrect.png used on input line 5801.
(pdftex.def)             Requested size: 284.52756pt x 284.5646pt.
 <NodesDisplay5x5.png, id=818, 401.5pt x 401.5pt>
File: NodesDisplay5x5.png Graphic file (type png)

<use NodesDisplay5x5.png>
Package pdftex.def Info: NodesDisplay5x5.png used on input line 5810.
(pdftex.def)             Requested size: 284.52756pt x 284.54623pt.
 [188 <./Nodesbasicnonrect.png (PNG copy)>]
Underfull \hbox (badness 10000) in paragraph at lines 5818--5828

 []


Underfull \hbox (badness 10000) in paragraph at lines 5818--5828

 []


Underfull \hbox (badness 10000) in paragraph at lines 5818--5828

 []


Underfull \hbox (badness 10000) in paragraph at lines 5818--5828

 []

[189 <./NodesDisplay5x5.png (PNG copy)>]
\openout5 = `Report.pyg'.


(./_minted-Report/1233091DB2F2CEAD9B482AAB80B263310155AC192463421046CB8E37556A0
A69.pygtex) <grega.png, id=825, 511.9125pt x 510.90875pt>
File: grega.png Graphic file (type png)
 <use grega.png>
Package pdftex.def Info: grega.png used on input line 5879.
(pdftex.def)             Requested size: 284.52756pt x 283.97089pt.

[190]
Underfull \hbox (badness 10000) in paragraph at lines 5887--5897

 []


Underfull \hbox (badness 10000) in paragraph at lines 5887--5897

 []


Underfull \hbox (badness 10000) in paragraph at lines 5887--5897

 []


Underfull \hbox (badness 10000) in paragraph at lines 5887--5897

 []

[191 <./grega.png>]
\openout5 = `Report.pyg'.


(./_minted-Report/EE4E2312FAFE07F5FFFE59B983F756F60155AC192463421046CB8E37556A0
A69.pygtex) <honey.png, id=833, 1208.515pt x 726.715pt>
File: honey.png Graphic file (type png)
 <use honey.png>
Package pdftex.def Info: honey.png used on input line 5924.
(pdftex.def)             Requested size: 284.52756pt x 171.08853pt.

<honeyep.png, id=834, 1206.5075pt x 726.715pt>
File: honeyep.png Graphic file (type png)
 <use honeyep.png>
Package pdftex.def Info: honeyep.png used on input line 5933.
(pdftex.def)             Requested size: 284.52756pt x 171.37683pt.
 [192 <./honey.png>] <honeyop.png, id=840, 449.68pt x 452.69125pt>
File: honeyop.png Graphic file (type png)
 <use honeyop.png>
Package pdftex.def Info: honeyop.png used on input line 5942.
(pdftex.def)             Requested size: 284.52756pt x 286.44725pt.
 [193 <./honeyep.png>] <nodesmap.png, id=845, 513.92pt x 512.91624pt>
File: nodesmap.png Graphic file (type png)
 <use nodesmap.png>
Package pdftex.def Info: nodesmap.png used on input line 5953.
(pdftex.def)             Requested size: 284.52756pt x 283.97533pt.

[194 <./honeyop.png>] <nodesmaprings.png, id=850, 401.5pt x 401.5pt>
File: nodesmaprings.png Graphic file (type png)

<use nodesmaprings.png>
Package pdftex.def Info: nodesmaprings.png used on input line 5960.
(pdftex.def)             Requested size: 284.52756pt x 284.54623pt.
 [195 <./nodesmap.png>]
<lonshor.png, id=855, 1206.5075pt x 727.71875pt>
File: lonshor.png Graphic file (type png)
 <use lonshor.png>
Package pdftex.def Info: lonshor.png used on input line 5969.
(pdftex.def)             Requested size: 284.52756pt x 171.61354pt.
 [196 <./nodesmaprings.png (PNG copy)>] <lonsln.png, id=859, 1208.515pt x 727.7
1875pt>
File: lonsln.png Graphic file (type png)

<use lonsln.png>
Package pdftex.def Info: lonsln.png used on input line 5978.
(pdftex.def)             Requested size: 284.52756pt x 171.32484pt.

Underfull \hbox (badness 10000) in paragraph at lines 5986--5996

 []


Underfull \hbox (badness 10000) in paragraph at lines 5986--5996

 []


Underfull \hbox (badness 10000) in paragraph at lines 5986--5996

 []


Underfull \hbox (badness 10000) in paragraph at lines 5986--5996

 []

[197 <./lonshor.png> <./lonsln.png>]
<deets.png, id=865, 232.87pt x 71.26625pt>
File: deets.png Graphic file (type png)
 <use deets.png>
Package pdftex.def Info: deets.png used on input line 5999.
(pdftex.def)             Requested size: 227.62204pt x 69.66316pt.

<nps.png, id=866, 255.95625pt x 87.32625pt>
File: nps.png Graphic file (type png)
 <use nps.png>
Package pdftex.def Info: nps.png used on input line 6008.
(pdftex.def)             Requested size: 227.62204pt x 77.65881pt.
 [198 <./deets.png> <./nps.png>]
Underfull \hbox (badness 10000) in paragraph at lines 6017--6027

 []


Underfull \hbox (badness 10000) in paragraph at lines 6017--6027

 []


Underfull \hbox (badness 10000) in paragraph at lines 6017--6027

 []


Underfull \hbox (badness 10000) in paragraph at lines 6017--6027

 []

\openout5 = `Report.pyg'.


(./_minted-Report/8F401CF58655B0828B9A189CDF3F62E10155AC192463421046CB8E37556A0
A69.pygtex)
Underfull \hbox (badness 10000) in paragraph at lines 6040--6041

 []


Underfull \hbox (badness 10000) in paragraph at lines 6040--6041

 []

\openout5 = `Report.pyg'.


(./_minted-Report/A6BF51AFA634070EC396A568D7E358C20155AC192463421046CB8E37556A0
A69.pygtex) <theer.png, id=873, 1205.50375pt x 724.7075pt>
File: theer.png Graphic file (type png)
 <use theer.png>
Package pdftex.def Info: theer.png used on input line 6057.
(pdftex.def)             Requested size: 284.52756pt x 171.04718pt.

[199] <con.png, id=878, 83.31125pt x 88.33pt>
File: con.png Graphic file (type png)
 <use con.png>
Package pdftex.def Info: con.png used on input line 6066.
(pdftex.def)             Requested size: 170.71652pt x 181.03047pt.
 [200 <./theer.png> <./con.png>] [201]
Underfull \hbox (badness 10000) in paragraph at lines 6082--6094

 []


Underfull \hbox (badness 10000) in paragraph at lines 6082--6094

 []


Underfull \hbox (badness 10000) in paragraph at lines 6082--6094

 []


Underfull \hbox (badness 10000) in paragraph at lines 6082--6094

 []


Underfull \hbox (badness 10000) in paragraph at lines 6082--6094

 []

[202]
Underfull \hbox (badness 10000) in paragraph at lines 6096--6104

 []


Underfull \hbox (badness 10000) in paragraph at lines 6096--6104

 []


Underfull \hbox (badness 10000) in paragraph at lines 6096--6104

 []


Underfull \hbox (badness 10000) in paragraph at lines 6106--6114

 []


Underfull \hbox (badness 10000) in paragraph at lines 6106--6114

 []


Underfull \hbox (badness 10000) in paragraph at lines 6106--6114

 []

[203]
Underfull \hbox (badness 10000) in paragraph at lines 6116--6124

 []


Underfull \hbox (badness 10000) in paragraph at lines 6116--6124

 []


Underfull \hbox (badness 10000) in paragraph at lines 6116--6124

 []

[204]
Underfull \hbox (badness 10000) in paragraph at lines 6126--6132

 []


Underfull \hbox (badness 10000) in paragraph at lines 6126--6132

 []


Underfull \hbox (badness 10000) in paragraph at lines 6134--6142

 []


Underfull \hbox (badness 10000) in paragraph at lines 6134--6142

 []


Underfull \hbox (badness 10000) in paragraph at lines 6134--6142

 []

[205]
Underfull \hbox (badness 10000) in paragraph at lines 6144--6154

 []


Underfull \hbox (badness 10000) in paragraph at lines 6144--6154

 []


Underfull \hbox (badness 10000) in paragraph at lines 6144--6154

 []


Underfull \hbox (badness 10000) in paragraph at lines 6144--6154

 []


Underfull \hbox (badness 10000) in paragraph at lines 6156--6166

 []


Underfull \hbox (badness 10000) in paragraph at lines 6156--6166

 []


Underfull \hbox (badness 10000) in paragraph at lines 6156--6166

 []


Underfull \hbox (badness 10000) in paragraph at lines 6156--6166

 []

[206]
Underfull \hbox (badness 10000) in paragraph at lines 6168--6188

 []


Underfull \hbox (badness 10000) in paragraph at lines 6168--6188

 []


Underfull \hbox (badness 10000) in paragraph at lines 6168--6188

 []


Underfull \hbox (badness 10000) in paragraph at lines 6168--6188

 []


Underfull \hbox (badness 10000) in paragraph at lines 6168--6188

 []


Underfull \hbox (badness 10000) in paragraph at lines 6168--6188

 []


Underfull \hbox (badness 10000) in paragraph at lines 6168--6188

 []


Underfull \hbox (badness 10000) in paragraph at lines 6168--6188

 []


Underfull \hbox (badness 10000) in paragraph at lines 6168--6188

 []

[207]
Underfull \hbox (badness 10000) in paragraph at lines 6190--6202

 []


Underfull \hbox (badness 10000) in paragraph at lines 6190--6202

 []


Underfull \hbox (badness 10000) in paragraph at lines 6190--6202

 []


Underfull \hbox (badness 10000) in paragraph at lines 6190--6202

 []


Underfull \hbox (badness 10000) in paragraph at lines 6190--6202

 []

[208] [209] [210]
Overfull \hbox (2.80498pt too wide) in paragraph at lines 6225--6226
\OT1/cmr/m/n/10 Currently, the pro-gram uses RSR to re-duce the time taken to s
olve non-rectilinear
 []

[211] <col.png, id=919, 569.12625pt x 383.4325pt>
File: col.png Graphic file (type png)
 <use col.png>
Package pdftex.def Info: col.png used on input line 6232.
(pdftex.def)             Requested size: 284.52756pt x 191.69823pt.
 [212 <./col.png>]
Underfull \hbox (badness 10000) in paragraph at lines 6242--6246

 []

[213]
Underfull \hbox (badness 10000) in paragraph at lines 6248--6254

 []

[214]
Overfull \hbox (15.71214pt too wide) in paragraph at lines 6254--6254
[]\OT1/cmr/m/n/10 V.B. Alek-seev. \OT1/cmr/m/it/10 Graph The-ory\OT1/cmr/m/n/10
 . 2017. \OT1/cmr/m/sc/10 url\OT1/cmr/m/n/10 : $\OT1/cmtt/m/n/10 http : / / www
 . encyclopediaofmath .
 []


Overfull \hbox (1.90695pt too wide) in paragraph at lines 6254--6254
[]\OT1/cmr/m/n/10 Stephan C. Carl-son. \OT1/cmr/m/it/10 Graph The-ory\OT1/cmr/m
/n/10 . 2017. \OT1/cmr/m/sc/10 url\OT1/cmr/m/n/10 : $\OT1/cmtt/m/n/10 https : /
 / www . britannica .
 []


Overfull \hbox (5.24069pt too wide) in paragraph at lines 6254--6254
[]\OT1/cmr/m/n/10 Ricky Shadrach. \OT1/cmr/m/it/10 In-tro-duc-tion to Sets\OT1/
cmr/m/n/10 . 2017. \OT1/cmr/m/sc/10 url\OT1/cmr/m/n/10 : $\OT1/cmtt/m/n/10 http
 : / / www . mathsisfun .
 []

[215] (./Report.aux)

LaTeX Warning: There were multiply-defined labels.

runsystem(rm Report.pyg)...executed.

Package logreq Info: Writing requests to 'Report.run.xml'.
\openout1 = `Report.run.xml'.

 ) 
Here is how much of TeX's memory you used:
 12662 strings out of 492995
 230849 string characters out of 6132704
 690078 words of memory out of 5000000
 15818 multiletter control sequences out of 15000+600000
 10533 words of font info for 39 fonts, out of 8000000 for 9000
 1141 hyphenation exceptions out of 8191
 41i,9n,45p,1816b,1140s stack positions out of 5000i,500n,10000p,200000b,80000s
</usr/local/texlive/2017/texmf-dist/fonts/type1/public/amsfonts/cm/cmbx10.pfb
></usr/local/texlive/2017/texmf-dist/fonts/type1/public/amsfonts/cm/cmbx12.pfb>
</usr/local/texlive/2017/texmf-dist/fonts/type1/public/amsfonts/cm/cmbxti10.pfb
></usr/local/texlive/2017/texmf-dist/fonts/type1/public/amsfonts/cm/cmcsc10.pfb
></usr/local/texlive/2017/texmf-dist/fonts/type1/public/amsfonts/cm/cmex10.pfb>
</usr/local/texlive/2017/texmf-dist/fonts/type1/public/amsfonts/cm/cmitt10.pfb>
</usr/local/texlive/2017/texmf-dist/fonts/type1/public/amsfonts/cm/cmmi10.pfb><
/usr/local/texlive/2017/texmf-dist/fonts/type1/public/amsfonts/cm/cmmi7.pfb></u
sr/local/texlive/2017/texmf-dist/fonts/type1/public/amsfonts/cm/cmr10.pfb></usr
/local/texlive/2017/texmf-dist/fonts/type1/public/amsfonts/cm/cmr12.pfb></usr/l
ocal/texlive/2017/texmf-dist/fonts/type1/public/amsfonts/cm/cmr17.pfb></usr/loc
al/texlive/2017/texmf-dist/fonts/type1/public/amsfonts/cm/cmr5.pfb></usr/local/
texlive/2017/texmf-dist/fonts/type1/public/amsfonts/cm/cmr7.pfb></usr/local/tex
live/2017/texmf-dist/fonts/type1/public/amsfonts/cm/cmr8.pfb></usr/local/texliv
e/2017/texmf-dist/fonts/type1/public/amsfonts/cm/cmsy10.pfb></usr/local/texlive
/2017/texmf-dist/fonts/type1/public/amsfonts/cm/cmsy7.pfb></usr/local/texlive/2
017/texmf-dist/fonts/type1/public/amsfonts/cm/cmti10.pfb></usr/local/texlive/20
17/texmf-dist/fonts/type1/public/amsfonts/cm/cmtt10.pfb></usr/local/texlive/201
7/texmf-dist/fonts/type1/public/amsfonts/cm/cmtt8.pfb>
Output written on Report.pdf (216 pages, 6577039 bytes).
PDF statistics:
 1001 PDF objects out of 1200 (max. 8388607)
 534 compressed objects within 6 object streams
 0 named destinations out of 1000 (max. 500000)
 596 words of extra memory for PDF output out of 10000 (max. 10000000)

